08:49:25 **** Build of configuration Debug for project week8 ****
make -j3 all 
arm-none-eabi-gcc "../Drivers/STM32F4xx_HAL_Driver/Src/stm32f4xx_hal.c" -mcpu=cortex-m4 -std=gnu11 -g3 -DDEBUG -DUSE_HAL_DRIVER -DSTM32F411xE -c -I../Core/Inc -I../Drivers/STM32F4xx_HAL_Driver/Inc -I../Drivers/STM32F4xx_HAL_Driver/Inc/Legacy -I../Drivers/CMSIS/Device/ST/STM32F4xx/Include -I../Drivers/CMSIS/Include -O0 -ffunction-sections -fdata-sections -Wall -fstack-usage -MMD -MP -MF"Drivers/STM32F4xx_HAL_Driver/Src/stm32f4xx_hal.d" -MT"Drivers/STM32F4xx_HAL_Driver/Src/stm32f4xx_hal.o" --specs=nano.specs -mfpu=fpv4-sp-d16 -mfloat-abi=hard -mthumb -o "Drivers/STM32F4xx_HAL_Driver/Src/stm32f4xx_hal.o"
arm-none-eabi-gcc "../Drivers/STM32F4xx_HAL_Driver/Src/stm32f4xx_hal_cortex.c" -mcpu=cortex-m4 -std=gnu11 -g3 -DDEBUG -DUSE_HAL_DRIVER -DSTM32F411xE -c -I../Core/Inc -I../Drivers/STM32F4xx_HAL_Driver/Inc -I../Drivers/STM32F4xx_HAL_Driver/Inc/Legacy -I../Drivers/CMSIS/Device/ST/STM32F4xx/Include -I../Drivers/CMSIS/Include -O0 -ffunction-sections -fdata-sections -Wall -fstack-usage -MMD -MP -MF"Drivers/STM32F4xx_HAL_Driver/Src/stm32f4xx_hal_cortex.d" -MT"Drivers/STM32F4xx_HAL_Driver/Src/stm32f4xx_hal_cortex.o" --specs=nano.specs -mfpu=fpv4-sp-d16 -mfloat-abi=hard -mthumb -o "Drivers/STM32F4xx_HAL_Driver/Src/stm32f4xx_hal_cortex.o"
arm-none-eabi-gcc "../Drivers/STM32F4xx_HAL_Driver/Src/stm32f4xx_hal_dma.c" -mcpu=cortex-m4 -std=gnu11 -g3 -DDEBUG -DUSE_HAL_DRIVER -DSTM32F411xE -c -I../Core/Inc -I../Drivers/STM32F4xx_HAL_Driver/Inc -I../Drivers/STM32F4xx_HAL_Driver/Inc/Legacy -I../Drivers/CMSIS/Device/ST/STM32F4xx/Include -I../Drivers/CMSIS/Include -O0 -ffunction-sections -fdata-sections -Wall -fstack-usage -MMD -MP -MF"Drivers/STM32F4xx_HAL_Driver/Src/stm32f4xx_hal_dma.d" -MT"Drivers/STM32F4xx_HAL_Driver/Src/stm32f4xx_hal_dma.o" --specs=nano.specs -mfpu=fpv4-sp-d16 -mfloat-abi=hard -mthumb -o "Drivers/STM32F4xx_HAL_Driver/Src/stm32f4xx_hal_dma.o"
arm-none-eabi-gcc "../Drivers/STM32F4xx_HAL_Driver/Src/stm32f4xx_hal_dma_ex.c" -mcpu=cortex-m4 -std=gnu11 -g3 -DDEBUG -DUSE_HAL_DRIVER -DSTM32F411xE -c -I../Core/Inc -I../Drivers/STM32F4xx_HAL_Driver/Inc -I../Drivers/STM32F4xx_HAL_Driver/Inc/Legacy -I../Drivers/CMSIS/Device/ST/STM32F4xx/Include -I../Drivers/CMSIS/Include -O0 -ffunction-sections -fdata-sections -Wall -fstack-usage -MMD -MP -MF"Drivers/STM32F4xx_HAL_Driver/Src/stm32f4xx_hal_dma_ex.d" -MT"Drivers/STM32F4xx_HAL_Driver/Src/stm32f4xx_hal_dma_ex.o" --specs=nano.specs -mfpu=fpv4-sp-d16 -mfloat-abi=hard -mthumb -o "Drivers/STM32F4xx_HAL_Driver/Src/stm32f4xx_hal_dma_ex.o"
arm-none-eabi-gcc "../Drivers/STM32F4xx_HAL_Driver/Src/stm32f4xx_hal_exti.c" -mcpu=cortex-m4 -std=gnu11 -g3 -DDEBUG -DUSE_HAL_DRIVER -DSTM32F411xE -c -I../Core/Inc -I../Drivers/STM32F4xx_HAL_Driver/Inc -I../Drivers/STM32F4xx_HAL_Driver/Inc/Legacy -I../Drivers/CMSIS/Device/ST/STM32F4xx/Include -I../Drivers/CMSIS/Include -O0 -ffunction-sections -fdata-sections -Wall -fstack-usage -MMD -MP -MF"Drivers/STM32F4xx_HAL_Driver/Src/stm32f4xx_hal_exti.d" -MT"Drivers/STM32F4xx_HAL_Driver/Src/stm32f4xx_hal_exti.o" --specs=nano.specs -mfpu=fpv4-sp-d16 -mfloat-abi=hard -mthumb -o "Drivers/STM32F4xx_HAL_Driver/Src/stm32f4xx_hal_exti.o"
arm-none-eabi-gcc "../Drivers/STM32F4xx_HAL_Driver/Src/stm32f4xx_hal_flash.c" -mcpu=cortex-m4 -std=gnu11 -g3 -DDEBUG -DUSE_HAL_DRIVER -DSTM32F411xE -c -I../Core/Inc -I../Drivers/STM32F4xx_HAL_Driver/Inc -I../Drivers/STM32F4xx_HAL_Driver/Inc/Legacy -I../Drivers/CMSIS/Device/ST/STM32F4xx/Include -I../Drivers/CMSIS/Include -O0 -ffunction-sections -fdata-sections -Wall -fstack-usage -MMD -MP -MF"Drivers/STM32F4xx_HAL_Driver/Src/stm32f4xx_hal_flash.d" -MT"Drivers/STM32F4xx_HAL_Driver/Src/stm32f4xx_hal_flash.o" --specs=nano.specs -mfpu=fpv4-sp-d16 -mfloat-abi=hard -mthumb -o "Drivers/STM32F4xx_HAL_Driver/Src/stm32f4xx_hal_flash.o"
arm-none-eabi-gcc "../Drivers/STM32F4xx_HAL_Driver/Src/stm32f4xx_hal_flash_ex.c" -mcpu=cortex-m4 -std=gnu11 -g3 -DDEBUG -DUSE_HAL_DRIVER -DSTM32F411xE -c -I../Core/Inc -I../Drivers/STM32F4xx_HAL_Driver/Inc -I../Drivers/STM32F4xx_HAL_Driver/Inc/Legacy -I../Drivers/CMSIS/Device/ST/STM32F4xx/Include -I../Drivers/CMSIS/Include -O0 -ffunction-sections -fdata-sections -Wall -fstack-usage -MMD -MP -MF"Drivers/STM32F4xx_HAL_Driver/Src/stm32f4xx_hal_flash_ex.d" -MT"Drivers/STM32F4xx_HAL_Driver/Src/stm32f4xx_hal_flash_ex.o" --specs=nano.specs -mfpu=fpv4-sp-d16 -mfloat-abi=hard -mthumb -o "Drivers/STM32F4xx_HAL_Driver/Src/stm32f4xx_hal_flash_ex.o"
arm-none-eabi-gcc "../Drivers/STM32F4xx_HAL_Driver/Src/stm32f4xx_hal_flash_ramfunc.c" -mcpu=cortex-m4 -std=gnu11 -g3 -DDEBUG -DUSE_HAL_DRIVER -DSTM32F411xE -c -I../Core/Inc -I../Drivers/STM32F4xx_HAL_Driver/Inc -I../Drivers/STM32F4xx_HAL_Driver/Inc/Legacy -I../Drivers/CMSIS/Device/ST/STM32F4xx/Include -I../Drivers/CMSIS/Include -O0 -ffunction-sections -fdata-sections -Wall -fstack-usage -MMD -MP -MF"Drivers/STM32F4xx_HAL_Driver/Src/stm32f4xx_hal_flash_ramfunc.d" -MT"Drivers/STM32F4xx_HAL_Driver/Src/stm32f4xx_hal_flash_ramfunc.o" --specs=nano.specs -mfpu=fpv4-sp-d16 -mfloat-abi=hard -mthumb -o "Drivers/STM32F4xx_HAL_Driver/Src/stm32f4xx_hal_flash_ramfunc.o"
arm-none-eabi-gcc "../Drivers/STM32F4xx_HAL_Driver/Src/stm32f4xx_hal_gpio.c" -mcpu=cortex-m4 -std=gnu11 -g3 -DDEBUG -DUSE_HAL_DRIVER -DSTM32F411xE -c -I../Core/Inc -I../Drivers/STM32F4xx_HAL_Driver/Inc -I../Drivers/STM32F4xx_HAL_Driver/Inc/Legacy -I../Drivers/CMSIS/Device/ST/STM32F4xx/Include -I../Drivers/CMSIS/Include -O0 -ffunction-sections -fdata-sections -Wall -fstack-usage -MMD -MP -MF"Drivers/STM32F4xx_HAL_Driver/Src/stm32f4xx_hal_gpio.d" -MT"Drivers/STM32F4xx_HAL_Driver/Src/stm32f4xx_hal_gpio.o" --specs=nano.specs -mfpu=fpv4-sp-d16 -mfloat-abi=hard -mthumb -o "Drivers/STM32F4xx_HAL_Driver/Src/stm32f4xx_hal_gpio.o"
arm-none-eabi-gcc "../Drivers/STM32F4xx_HAL_Driver/Src/stm32f4xx_hal_i2c.c" -mcpu=cortex-m4 -std=gnu11 -g3 -DDEBUG -DUSE_HAL_DRIVER -DSTM32F411xE -c -I../Core/Inc -I../Drivers/STM32F4xx_HAL_Driver/Inc -I../Drivers/STM32F4xx_HAL_Driver/Inc/Legacy -I../Drivers/CMSIS/Device/ST/STM32F4xx/Include -I../Drivers/CMSIS/Include -O0 -ffunction-sections -fdata-sections -Wall -fstack-usage -MMD -MP -MF"Drivers/STM32F4xx_HAL_Driver/Src/stm32f4xx_hal_i2c.d" -MT"Drivers/STM32F4xx_HAL_Driver/Src/stm32f4xx_hal_i2c.o" --specs=nano.specs -mfpu=fpv4-sp-d16 -mfloat-abi=hard -mthumb -o "Drivers/STM32F4xx_HAL_Driver/Src/stm32f4xx_hal_i2c.o"
arm-none-eabi-gcc "../Drivers/STM32F4xx_HAL_Driver/Src/stm32f4xx_hal_i2c_ex.c" -mcpu=cortex-m4 -std=gnu11 -g3 -DDEBUG -DUSE_HAL_DRIVER -DSTM32F411xE -c -I../Core/Inc -I../Drivers/STM32F4xx_HAL_Driver/Inc -I../Drivers/STM32F4xx_HAL_Driver/Inc/Legacy -I../Drivers/CMSIS/Device/ST/STM32F4xx/Include -I../Drivers/CMSIS/Include -O0 -ffunction-sections -fdata-sections -Wall -fstack-usage -MMD -MP -MF"Drivers/STM32F4xx_HAL_Driver/Src/stm32f4xx_hal_i2c_ex.d" -MT"Drivers/STM32F4xx_HAL_Driver/Src/stm32f4xx_hal_i2c_ex.o" --specs=nano.specs -mfpu=fpv4-sp-d16 -mfloat-abi=hard -mthumb -o "Drivers/STM32F4xx_HAL_Driver/Src/stm32f4xx_hal_i2c_ex.o"
arm-none-eabi-gcc "../Drivers/STM32F4xx_HAL_Driver/Src/stm32f4xx_hal_pwr.c" -mcpu=cortex-m4 -std=gnu11 -g3 -DDEBUG -DUSE_HAL_DRIVER -DSTM32F411xE -c -I../Core/Inc -I../Drivers/STM32F4xx_HAL_Driver/Inc -I../Drivers/STM32F4xx_HAL_Driver/Inc/Legacy -I../Drivers/CMSIS/Device/ST/STM32F4xx/Include -I../Drivers/CMSIS/Include -O0 -ffunction-sections -fdata-sections -Wall -fstack-usage -MMD -MP -MF"Drivers/STM32F4xx_HAL_Driver/Src/stm32f4xx_hal_pwr.d" -MT"Drivers/STM32F4xx_HAL_Driver/Src/stm32f4xx_hal_pwr.o" --specs=nano.specs -mfpu=fpv4-sp-d16 -mfloat-abi=hard -mthumb -o "Drivers/STM32F4xx_HAL_Driver/Src/stm32f4xx_hal_pwr.o"
arm-none-eabi-gcc "../Drivers/STM32F4xx_HAL_Driver/Src/stm32f4xx_hal_pwr_ex.c" -mcpu=cortex-m4 -std=gnu11 -g3 -DDEBUG -DUSE_HAL_DRIVER -DSTM32F411xE -c -I../Core/Inc -I../Drivers/STM32F4xx_HAL_Driver/Inc -I../Drivers/STM32F4xx_HAL_Driver/Inc/Legacy -I../Drivers/CMSIS/Device/ST/STM32F4xx/Include -I../Drivers/CMSIS/Include -O0 -ffunction-sections -fdata-sections -Wall -fstack-usage -MMD -MP -MF"Drivers/STM32F4xx_HAL_Driver/Src/stm32f4xx_hal_pwr_ex.d" -MT"Drivers/STM32F4xx_HAL_Driver/Src/stm32f4xx_hal_pwr_ex.o" --specs=nano.specs -mfpu=fpv4-sp-d16 -mfloat-abi=hard -mthumb -o "Drivers/STM32F4xx_HAL_Driver/Src/stm32f4xx_hal_pwr_ex.o"
arm-none-eabi-gcc "../Drivers/STM32F4xx_HAL_Driver/Src/stm32f4xx_hal_rcc.c" -mcpu=cortex-m4 -std=gnu11 -g3 -DDEBUG -DUSE_HAL_DRIVER -DSTM32F411xE -c -I../Core/Inc -I../Drivers/STM32F4xx_HAL_Driver/Inc -I../Drivers/STM32F4xx_HAL_Driver/Inc/Legacy -I../Drivers/CMSIS/Device/ST/STM32F4xx/Include -I../Drivers/CMSIS/Include -O0 -ffunction-sections -fdata-sections -Wall -fstack-usage -MMD -MP -MF"Drivers/STM32F4xx_HAL_Driver/Src/stm32f4xx_hal_rcc.d" -MT"Drivers/STM32F4xx_HAL_Driver/Src/stm32f4xx_hal_rcc.o" --specs=nano.specs -mfpu=fpv4-sp-d16 -mfloat-abi=hard -mthumb -o "Drivers/STM32F4xx_HAL_Driver/Src/stm32f4xx_hal_rcc.o"
arm-none-eabi-gcc "../Drivers/STM32F4xx_HAL_Driver/Src/stm32f4xx_hal_rcc_ex.c" -mcpu=cortex-m4 -std=gnu11 -g3 -DDEBUG -DUSE_HAL_DRIVER -DSTM32F411xE -c -I../Core/Inc -I../Drivers/STM32F4xx_HAL_Driver/Inc -I../Drivers/STM32F4xx_HAL_Driver/Inc/Legacy -I../Drivers/CMSIS/Device/ST/STM32F4xx/Include -I../Drivers/CMSIS/Include -O0 -ffunction-sections -fdata-sections -Wall -fstack-usage -MMD -MP -MF"Drivers/STM32F4xx_HAL_Driver/Src/stm32f4xx_hal_rcc_ex.d" -MT"Drivers/STM32F4xx_HAL_Driver/Src/stm32f4xx_hal_rcc_ex.o" --specs=nano.specs -mfpu=fpv4-sp-d16 -mfloat-abi=hard -mthumb -o "Drivers/STM32F4xx_HAL_Driver/Src/stm32f4xx_hal_rcc_ex.o"
arm-none-eabi-gcc "../Drivers/STM32F4xx_HAL_Driver/Src/stm32f4xx_hal_tim.c" -mcpu=cortex-m4 -std=gnu11 -g3 -DDEBUG -DUSE_HAL_DRIVER -DSTM32F411xE -c -I../Core/Inc -I../Drivers/STM32F4xx_HAL_Driver/Inc -I../Drivers/STM32F4xx_HAL_Driver/Inc/Legacy -I../Drivers/CMSIS/Device/ST/STM32F4xx/Include -I../Drivers/CMSIS/Include -O0 -ffunction-sections -fdata-sections -Wall -fstack-usage -MMD -MP -MF"Drivers/STM32F4xx_HAL_Driver/Src/stm32f4xx_hal_tim.d" -MT"Drivers/STM32F4xx_HAL_Driver/Src/stm32f4xx_hal_tim.o" --specs=nano.specs -mfpu=fpv4-sp-d16 -mfloat-abi=hard -mthumb -o "Drivers/STM32F4xx_HAL_Driver/Src/stm32f4xx_hal_tim.o"
arm-none-eabi-gcc "../Drivers/STM32F4xx_HAL_Driver/Src/stm32f4xx_hal_tim_ex.c" -mcpu=cortex-m4 -std=gnu11 -g3 -DDEBUG -DUSE_HAL_DRIVER -DSTM32F411xE -c -I../Core/Inc -I../Drivers/STM32F4xx_HAL_Driver/Inc -I../Drivers/STM32F4xx_HAL_Driver/Inc/Legacy -I../Drivers/CMSIS/Device/ST/STM32F4xx/Include -I../Drivers/CMSIS/Include -O0 -ffunction-sections -fdata-sections -Wall -fstack-usage -MMD -MP -MF"Drivers/STM32F4xx_HAL_Driver/Src/stm32f4xx_hal_tim_ex.d" -MT"Drivers/STM32F4xx_HAL_Driver/Src/stm32f4xx_hal_tim_ex.o" --specs=nano.specs -mfpu=fpv4-sp-d16 -mfloat-abi=hard -mthumb -o "Drivers/STM32F4xx_HAL_Driver/Src/stm32f4xx_hal_tim_ex.o"
arm-none-eabi-gcc "../Drivers/STM32F4xx_HAL_Driver/Src/stm32f4xx_hal_uart.c" -mcpu=cortex-m4 -std=gnu11 -g3 -DDEBUG -DUSE_HAL_DRIVER -DSTM32F411xE -c -I../Core/Inc -I../Drivers/STM32F4xx_HAL_Driver/Inc -I../Drivers/STM32F4xx_HAL_Driver/Inc/Legacy -I../Drivers/CMSIS/Device/ST/STM32F4xx/Include -I../Drivers/CMSIS/Include -O0 -ffunction-sections -fdata-sections -Wall -fstack-usage -MMD -MP -MF"Drivers/STM32F4xx_HAL_Driver/Src/stm32f4xx_hal_uart.d" -MT"Drivers/STM32F4xx_HAL_Driver/Src/stm32f4xx_hal_uart.o" --specs=nano.specs -mfpu=fpv4-sp-d16 -mfloat-abi=hard -mthumb -o "Drivers/STM32F4xx_HAL_Driver/Src/stm32f4xx_hal_uart.o"
arm-none-eabi-gcc -mcpu=cortex-m4 -g3 -c -x assembler-with-cpp -MMD -MP -MF"Core/Startup/startup_stm32f411retx.d" -MT"Core/Startup/startup_stm32f411retx.o" --specs=nano.specs -mfpu=fpv4-sp-d16 -mfloat-abi=hard -mthumb -o "Core/Startup/startup_stm32f411retx.o" "../Core/Startup/startup_stm32f411retx.s"
arm-none-eabi-gcc "../Core/Src/main.c" -mcpu=cortex-m4 -std=gnu11 -g3 -DDEBUG -DUSE_HAL_DRIVER -DSTM32F411xE -c -I../Core/Inc -I../Drivers/STM32F4xx_HAL_Driver/Inc -I../Drivers/STM32F4xx_HAL_Driver/Inc/Legacy -I../Drivers/CMSIS/Device/ST/STM32F4xx/Include -I../Drivers/CMSIS/Include -O0 -ffunction-sections -fdata-sections -Wall -fstack-usage -MMD -MP -MF"Core/Src/main.d" -MT"Core/Src/main.o" --specs=nano.specs -mfpu=fpv4-sp-d16 -mfloat-abi=hard -mthumb -o "Core/Src/main.o"
arm-none-eabi-gcc "../Core/Src/stm32f4xx_hal_msp.c" -mcpu=cortex-m4 -std=gnu11 -g3 -DDEBUG -DUSE_HAL_DRIVER -DSTM32F411xE -c -I../Core/Inc -I../Drivers/STM32F4xx_HAL_Driver/Inc -I../Drivers/STM32F4xx_HAL_Driver/Inc/Legacy -I../Drivers/CMSIS/Device/ST/STM32F4xx/Include -I../Drivers/CMSIS/Include -O0 -ffunction-sections -fdata-sections -Wall -fstack-usage -MMD -MP -MF"Core/Src/stm32f4xx_hal_msp.d" -MT"Core/Src/stm32f4xx_hal_msp.o" --specs=nano.specs -mfpu=fpv4-sp-d16 -mfloat-abi=hard -mthumb -o "Core/Src/stm32f4xx_hal_msp.o"
arm-none-eabi-gcc "../Core/Src/stm32f4xx_it.c" -mcpu=cortex-m4 -std=gnu11 -g3 -DDEBUG -DUSE_HAL_DRIVER -DSTM32F411xE -c -I../Core/Inc -I../Drivers/STM32F4xx_HAL_Driver/Inc -I../Drivers/STM32F4xx_HAL_Driver/Inc/Legacy -I../Drivers/CMSIS/Device/ST/STM32F4xx/Include -I../Drivers/CMSIS/Include -O0 -ffunction-sections -fdata-sections -Wall -fstack-usage -MMD -MP -MF"Core/Src/stm32f4xx_it.d" -MT"Core/Src/stm32f4xx_it.o" --specs=nano.specs -mfpu=fpv4-sp-d16 -mfloat-abi=hard -mthumb -o "Core/Src/stm32f4xx_it.o"
../Core/Src/main.c:107:28: warning: excess elements in array initializer
  107 | uint16_t laserStatus[0] = {0};
      |                            ^
../Core/Src/main.c:107:28: note: (near initialization for 'laserStatus')
../Core/Src/main.c: In function 'I2Creader':
../Core/Src/main.c:608:35: warning: passing argument 2 of 'HAL_I2C_Master_Receive_IT' makes integer from pointer without a cast [-Wint-conversion]
  608 |  HAL_I2C_Master_Receive_IT(&hi2c1,laserStatus,1,10);
      |                                   ^~~~~~~~~~~
      |                                   |
      |                                   uint16_t * {aka short unsigned int *}
In file included from ../Core/Inc/stm32f4xx_hal_conf.h:358,
                 from ../Drivers/STM32F4xx_HAL_Driver/Inc/stm32f4xx_hal.h:30,
                 from ../Core/Inc/main.h:31,
                 from ../Core/Src/main.c:21:
../Drivers/STM32F4xx_HAL_Driver/Inc/stm32f4xx_hal_i2c.h:577:79: note: expected 'uint16_t' {aka 'short unsigned int'} but argument is of type 'uint16_t *' {aka 'short unsigned int *'}
  577 | HAL_StatusTypeDef HAL_I2C_Master_Receive_IT(I2C_HandleTypeDef *hi2c, uint16_t DevAddress, uint8_t *pData, uint16_t Size);
      |                                                                      ~~~~~~~~~^~~~~~~~~~
../Core/Src/main.c:608:47: warning: passing argument 3 of 'HAL_I2C_Master_Receive_IT' makes pointer from integer without a cast [-Wint-conversion]
  608 |  HAL_I2C_Master_Receive_IT(&hi2c1,laserStatus,1,10);
      |                                               ^
      |                                               |
      |                                               int
In file included from ../Core/Inc/stm32f4xx_hal_conf.h:358,
                 from ../Drivers/STM32F4xx_HAL_Driver/Inc/stm32f4xx_hal.h:30,
                 from ../Core/Inc/main.h:31,
                 from ../Core/Src/main.c:21:
../Drivers/STM32F4xx_HAL_Driver/Inc/stm32f4xx_hal_i2c.h:577:100: note: expected 'uint8_t *' {aka 'unsigned char *'} but argument is of type 'int'
  577 | HAL_StatusTypeDef HAL_I2C_Master_Receive_IT(I2C_HandleTypeDef *hi2c, uint16_t DevAddress, uint8_t *pData, uint16_t Size);
      |                                                                                           ~~~~~~~~~^~~~~
arm-none-eabi-gcc "../Core/Src/syscalls.c" -mcpu=cortex-m4 -std=gnu11 -g3 -DDEBUG -DUSE_HAL_DRIVER -DSTM32F411xE -c -I../Core/Inc -I../Drivers/STM32F4xx_HAL_Driver/Inc -I../Drivers/STM32F4xx_HAL_Driver/Inc/Legacy -I../Drivers/CMSIS/Device/ST/STM32F4xx/Include -I../Drivers/CMSIS/Include -O0 -ffunction-sections -fdata-sections -Wall -fstack-usage -MMD -MP -MF"Core/Src/syscalls.d" -MT"Core/Src/syscalls.o" --specs=nano.specs -mfpu=fpv4-sp-d16 -mfloat-abi=hard -mthumb -o "Core/Src/syscalls.o"
arm-none-eabi-gcc "../Core/Src/sysmem.c" -mcpu=cortex-m4 -std=gnu11 -g3 -DDEBUG -DUSE_HAL_DRIVER -DSTM32F411xE -c -I../Core/Inc -I../Drivers/STM32F4xx_HAL_Driver/Inc -I../Drivers/STM32F4xx_HAL_Driver/Inc/Legacy -I../Drivers/CMSIS/Device/ST/STM32F4xx/Include -I../Drivers/CMSIS/Include -O0 -ffunction-sections -fdata-sections -Wall -fstack-usage -MMD -MP -MF"Core/Src/sysmem.d" -MT"Core/Src/sysmem.o" --specs=nano.specs -mfpu=fpv4-sp-d16 -mfloat-abi=hard -mthumb -o "Core/Src/sysmem.o"
arm-none-eabi-gcc "../Core/Src/system_stm32f4xx.c" -mcpu=cortex-m4 -std=gnu11 -g3 -DDEBUG -DUSE_HAL_DRIVER -DSTM32F411xE -c -I../Core/Inc -I../Drivers/STM32F4xx_HAL_Driver/Inc -I../Drivers/STM32F4xx_HAL_Driver/Inc/Legacy -I../Drivers/CMSIS/Device/ST/STM32F4xx/Include -I../Drivers/CMSIS/Include -O0 -ffunction-sections -fdata-sections -Wall -fstack-usage -MMD -MP -MF"Core/Src/system_stm32f4xx.d" -MT"Core/Src/system_stm32f4xx.o" --specs=nano.specs -mfpu=fpv4-sp-d16 -mfloat-abi=hard -mthumb -o "Core/Src/system_stm32f4xx.o"
arm-none-eabi-gcc -o "week8.elf" @"objects.list"   -mcpu=cortex-m4 -T"/Users/amejiyopakapak/Documents/GitHub/ProjectY2T2/week8/week8/week8/week8/STM32F411RETX_FLASH.ld" --specs=nosys.specs -Wl,-Map="week8.map" -Wl,--gc-sections -static --specs=nano.specs -mfpu=fpv4-sp-d16 -mfloat-abi=hard -mthumb -Wl,--start-group -lc -lm -Wl,--end-group
Finished building target: week8.elf
 
arm-none-eabi-size   week8.elf 
arm-none-eabi-objdump -h -S  week8.elf  > "week8.list"
arm-none-eabi-objcopy  -O binary  week8.elf  "week8.bin"
   text	   data	    bss	    dec	    hex	filename
  36628	    152	   2392	  39172	   9904	week8.elf
Finished building: default.size.stdout
 
Finished building: week8.bin
 
Finished building: week8.list
 
08:49:41 **** Incremental Build of configuration Debug for project week8 ****
make -j3 all 
arm-none-eabi-size   week8.elf 
   text	   data	    bss	    dec	    hex	filename
  36628	    152	   2392	  39172	   9904	week8.elf
Finished building: default.size.stdout
 
09:09:14 **** Incremental Build of configuration Debug for project week8 ****
make -j3 all 
arm-none-eabi-gcc "../Core/Src/main.c" -mcpu=cortex-m4 -std=gnu11 -g3 -DDEBUG -DUSE_HAL_DRIVER -DSTM32F411xE -c -I../Core/Inc -I../Drivers/STM32F4xx_HAL_Driver/Inc -I../Drivers/STM32F4xx_HAL_Driver/Inc/Legacy -I../Drivers/CMSIS/Device/ST/STM32F4xx/Include -I../Drivers/CMSIS/Include -O0 -ffunction-sections -fdata-sections -Wall -fstack-usage -MMD -MP -MF"Core/Src/main.d" -MT"Core/Src/main.o" --specs=nano.specs -mfpu=fpv4-sp-d16 -mfloat-abi=hard -mthumb -o "Core/Src/main.o"
../Core/Src/main.c:205:28: warning: excess elements in array initializer
  205 | uint16_t laserStatus[0] = {0};
      |                            ^
../Core/Src/main.c:205:28: note: (near initialization for 'laserStatus')
../Core/Src/main.c: In function 'main':
../Core/Src/main.c:313:3: error: 'a' undeclared (first use in this function)
  313 |   a = inputChar;
      |   ^
../Core/Src/main.c:313:3: note: each undeclared identifier is reported only once for each function it appears in
../Core/Src/main.c: In function 'UARTTxWrite':
../Core/Src/main.c:788:2: warning: implicit declaration of function 'memcpy' [-Wimplicit-function-declaration]
  788 |  memcpy(&(uart->TxBuffer[uart->TxHead]), pData, numberOfdataCanCopy);
      |  ^~~~~~
../Core/Src/main.c:788:2: warning: incompatible implicit declaration of built-in function 'memcpy'
../Core/Src/main.c:27:1: note: include '<string.h>' or provide a declaration of 'memcpy'
   26 | #include <stdlib.h>
  +++ |+#include <string.h>
   27 | /* USER CODE END Includes */
../Core/Src/main.c: In function 'DynamixelProtocal2':
../Core/Src/main.c:823:2: warning: enumeration value 'S_Start' not handled in switch [-Wswitch]
  823 |  switch (State)
      |  ^~~~~~
../Core/Src/main.c:823:2: warning: enumeration value 'S_Mode' not handled in switch [-Wswitch]
../Core/Src/main.c:823:2: warning: enumeration value 'S_Mode_1' not handled in switch [-Wswitch]
../Core/Src/main.c:823:2: warning: enumeration value 'S_Mode_2' not handled in switch [-Wswitch]
../Core/Src/main.c:823:2: warning: enumeration value 'S_Mode_3' not handled in switch [-Wswitch]
../Core/Src/main.c:823:2: warning: enumeration value 'S_Mode_4' not handled in switch [-Wswitch]
../Core/Src/main.c:823:2: warning: enumeration value 'S_Mode_5' not handled in switch [-Wswitch]
../Core/Src/main.c:823:2: warning: enumeration value 'S_Mode_6' not handled in switch [-Wswitch]
../Core/Src/main.c:823:2: warning: enumeration value 'S_Mode_7' not handled in switch [-Wswitch]
../Core/Src/main.c:823:2: warning: enumeration value 'S_Mode_8' not handled in switch [-Wswitch]
../Core/Src/main.c:823:2: warning: enumeration value 'S_Mode_9' not handled in switch [-Wswitch]
../Core/Src/main.c:823:2: warning: enumeration value 'S_Mode_10' not handled in switch [-Wswitch]
../Core/Src/main.c:823:2: warning: enumeration value 'S_Mode_11' not handled in switch [-Wswitch]
../Core/Src/main.c:823:2: warning: enumeration value 'S_Mode_12' not handled in switch [-Wswitch]
../Core/Src/main.c:823:2: warning: enumeration value 'S_Mode_13' not handled in switch [-Wswitch]
../Core/Src/main.c:823:2: warning: enumeration value 'S_Mode_14' not handled in switch [-Wswitch]
../Core/Src/main.c:823:2: warning: enumeration value 'S_Frame3_DataFrame_1' not handled in switch [-Wswitch]
../Core/Src/main.c:823:2: warning: enumeration value 'S_Checksum2_4' not handled in switch [-Wswitch]
../Core/Src/main.c:823:2: warning: enumeration value 'S_Checksum2_5' not handled in switch [-Wswitch]
../Core/Src/main.c:823:2: warning: enumeration value 'S_error' not handled in switch [-Wswitch]
../Core/Src/main.c:823:2: warning: enumeration value 'S_SendACK' not handled in switch [-Wswitch]
../Core/Src/main.c:823:2: warning: enumeration value 'DNMXP_idle' not handled in switch [-Wswitch]
../Core/Src/main.c:823:2: warning: enumeration value 'DNMXP_1stHeader' not handled in switch [-Wswitch]
../Core/Src/main.c:823:2: warning: enumeration value 'DNMXP_2ndHeader' not handled in switch [-Wswitch]
../Core/Src/main.c:823:2: warning: enumeration value 'DNMXP_3rdHeader' not handled in switch [-Wswitch]
../Core/Src/main.c:823:2: warning: enumeration value 'DNMXP_Reserved' not handled in switch [-Wswitch]
../Core/Src/main.c:823:2: warning: enumeration value 'DNMXP_ID' not handled in switch [-Wswitch]
../Core/Src/main.c:823:2: warning: enumeration value 'DNMXP_LEN1' not handled in switch [-Wswitch]
../Core/Src/main.c:823:2: warning: enumeration value 'DNMXP_LEN2' not handled in switch [-Wswitch]
../Core/Src/main.c:823:2: warning: enumeration value 'DNMXP_Inst' not handled in switch [-Wswitch]
../Core/Src/main.c:823:2: warning: enumeration value 'DNMXP_ParameterCollect' not handled in switch [-Wswitch]
../Core/Src/main.c:823:2: warning: enumeration value 'DNMXP_CRCAndExecute' not handled in switch [-Wswitch]
../Core/Src/main.c:815:18: warning: unused variable 'CRC_accum' [-Wunused-variable]
  815 |  static uint16_t CRC_accum;
      |                  ^~~~~~~~~
../Core/Src/main.c:814:18: warning: unused variable 'packetSize' [-Wunused-variable]
  814 |  static uint16_t packetSize = 0;
      |                  ^~~~~~~~~~
../Core/Src/main.c:813:18: warning: unused variable 'CRCCheck' [-Wunused-variable]
  813 |  static uint16_t CRCCheck = 0;
      |                  ^~~~~~~~
../Core/Src/main.c:811:17: warning: unused variable 'parameter' [-Wunused-variable]
  811 |  static uint8_t parameter[256] =
      |                 ^~~~~~~~~
../Core/Src/main.c:810:17: warning: unused variable 'inst' [-Wunused-variable]
  810 |  static uint8_t inst = 0;
      |                 ^~~~
../Core/Src/main.c:808:18: warning: unused variable 'datalen' [-Wunused-variable]
  808 |  static uint16_t datalen = 0;
      |                  ^~~~~~~
../Core/Src/main.c: In function 'I2Creader':
../Core/Src/main.c:1207:35: warning: passing argument 2 of 'HAL_I2C_Master_Receive_IT' makes integer from pointer without a cast [-Wint-conversion]
 1207 |  HAL_I2C_Master_Receive_IT(&hi2c1,laserStatus,1,10);
      |                                   ^~~~~~~~~~~
      |                                   |
      |                                   uint16_t * {aka short unsigned int *}
In file included from ../Core/Inc/stm32f4xx_hal_conf.h:358,
                 from ../Drivers/STM32F4xx_HAL_Driver/Inc/stm32f4xx_hal.h:30,
                 from ../Core/Inc/main.h:31,
                 from ../Core/Src/main.c:21:
../Drivers/STM32F4xx_HAL_Driver/Inc/stm32f4xx_hal_i2c.h:577:79: note: expected 'uint16_t' {aka 'short unsigned int'} but argument is of type 'uint16_t *' {aka 'short unsigned int *'}
  577 | HAL_StatusTypeDef HAL_I2C_Master_Receive_IT(I2C_HandleTypeDef *hi2c, uint16_t DevAddress, uint8_t *pData, uint16_t Size);
      |                                                                      ~~~~~~~~~^~~~~~~~~~
../Core/Src/main.c:1207:47: warning: passing argument 3 of 'HAL_I2C_Master_Receive_IT' makes pointer from integer without a cast [-Wint-conversion]
 1207 |  HAL_I2C_Master_Receive_IT(&hi2c1,laserStatus,1,10);
      |                                               ^
      |                                               |
      |                                               int
In file included from ../Core/Inc/stm32f4xx_hal_conf.h:358,
                 from ../Drivers/STM32F4xx_HAL_Driver/Inc/stm32f4xx_hal.h:30,
                 from ../Core/Inc/main.h:31,
                 from ../Core/Src/main.c:21:
../Drivers/STM32F4xx_HAL_Driver/Inc/stm32f4xx_hal_i2c.h:577:100: note: expected 'uint8_t *' {aka 'unsigned char *'} but argument is of type 'int'
  577 | HAL_StatusTypeDef HAL_I2C_Master_Receive_IT(I2C_HandleTypeDef *hi2c, uint16_t DevAddress, uint8_t *pData, uint16_t Size);
      |                                                                                           ~~~~~~~~~^~~~~
../Core/Src/main.c: In function 'findingPosition':
../Core/Src/main.c:1182:1: warning: control reaches end of non-void function [-Wreturn-type]
 1182 | }
      | ^
At top level:
../Core/Src/main.c:808:18: warning: 'datalen' defined but not used [-Wunused-variable]
  808 |  static uint16_t datalen = 0;
      |                  ^~~~~~~
../Core/Src/main.c:810:17: warning: 'inst' defined but not used [-Wunused-variable]
  810 |  static uint8_t inst = 0;
      |                 ^~~~
../Core/Src/main.c:811:17: warning: 'parameter' defined but not used [-Wunused-variable]
  811 |  static uint8_t parameter[256] =
      |                 ^~~~~~~~~
../Core/Src/main.c:813:18: warning: 'CRCCheck' defined but not used [-Wunused-variable]
  813 |  static uint16_t CRCCheck = 0;
      |                  ^~~~~~~~
../Core/Src/main.c:814:18: warning: 'packetSize' defined but not used [-Wunused-variable]
  814 |  static uint16_t packetSize = 0;
      |                  ^~~~~~~~~~
../Core/Src/main.c:815:18: warning: 'CRC_accum' defined but not used [-Wunused-variable]
  815 |  static uint16_t CRC_accum;
      |                  ^~~~~~~~~
../Core/Src/main.c:88:17: warning: 'Endeffecter' defined but not used [-Wunused-variable]
   88 | static uint16_t Endeffecter = 0;
      |                 ^~~~~~~~~~~
../Core/Src/main.c:87:16: warning: 'GO' defined but not used [-Wunused-variable]
   87 | static uint8_t GO = 0;
      |                ^~
../Core/Src/main.c:82:17: warning: 'STATEJUMP' defined but not used [-Wunused-variable]
   82 | static uint16_t STATEJUMP = 0;
      |                 ^~~~~~~~~
../Core/Src/main.c:81:17: warning: 'JUMP' defined but not used [-Wunused-variable]
   81 | static uint16_t JUMP = 0;
      |                 ^~~~
../Core/Src/main.c:79:16: warning: 'DATAFRAME_4' defined but not used [-Wunused-variable]
   79 | static uint8_t DATAFRAME_4 [256] = { 0 };
      |                ^~~~~~~~~~~
make: *** [Core/Src/subdir.mk:34: Core/Src/main.o] Error 1
"make -j3 all" terminated with exit code 2. Build might be incomplete.
09:09:37 **** Incremental Build of configuration Debug for project week8 ****
make -j3 all 
arm-none-eabi-gcc "../Core/Src/main.c" -mcpu=cortex-m4 -std=gnu11 -g3 -DDEBUG -DUSE_HAL_DRIVER -DSTM32F411xE -c -I../Core/Inc -I../Drivers/STM32F4xx_HAL_Driver/Inc -I../Drivers/STM32F4xx_HAL_Driver/Inc/Legacy -I../Drivers/CMSIS/Device/ST/STM32F4xx/Include -I../Drivers/CMSIS/Include -O0 -ffunction-sections -fdata-sections -Wall -fstack-usage -MMD -MP -MF"Core/Src/main.d" -MT"Core/Src/main.o" --specs=nano.specs -mfpu=fpv4-sp-d16 -mfloat-abi=hard -mthumb -o "Core/Src/main.o"
../Core/Src/main.c:205:28: warning: excess elements in array initializer
  205 | uint16_t laserStatus[0] = {0};
      |                            ^
../Core/Src/main.c:205:28: note: (near initialization for 'laserStatus')
../Core/Src/main.c: In function 'UARTTxWrite':
../Core/Src/main.c:787:2: warning: implicit declaration of function 'memcpy' [-Wimplicit-function-declaration]
  787 |  memcpy(&(uart->TxBuffer[uart->TxHead]), pData, numberOfdataCanCopy);
      |  ^~~~~~
../Core/Src/main.c:787:2: warning: incompatible implicit declaration of built-in function 'memcpy'
../Core/Src/main.c:27:1: note: include '<string.h>' or provide a declaration of 'memcpy'
   26 | #include <stdlib.h>
  +++ |+#include <string.h>
   27 | /* USER CODE END Includes */
../Core/Src/main.c: In function 'DynamixelProtocal2':
../Core/Src/main.c:822:2: warning: enumeration value 'S_Start' not handled in switch [-Wswitch]
  822 |  switch (State)
      |  ^~~~~~
../Core/Src/main.c:822:2: warning: enumeration value 'S_Mode' not handled in switch [-Wswitch]
../Core/Src/main.c:822:2: warning: enumeration value 'S_Mode_1' not handled in switch [-Wswitch]
../Core/Src/main.c:822:2: warning: enumeration value 'S_Mode_2' not handled in switch [-Wswitch]
../Core/Src/main.c:822:2: warning: enumeration value 'S_Mode_3' not handled in switch [-Wswitch]
../Core/Src/main.c:822:2: warning: enumeration value 'S_Mode_4' not handled in switch [-Wswitch]
../Core/Src/main.c:822:2: warning: enumeration value 'S_Mode_5' not handled in switch [-Wswitch]
../Core/Src/main.c:822:2: warning: enumeration value 'S_Mode_6' not handled in switch [-Wswitch]
../Core/Src/main.c:822:2: warning: enumeration value 'S_Mode_7' not handled in switch [-Wswitch]
../Core/Src/main.c:822:2: warning: enumeration value 'S_Mode_8' not handled in switch [-Wswitch]
../Core/Src/main.c:822:2: warning: enumeration value 'S_Mode_9' not handled in switch [-Wswitch]
../Core/Src/main.c:822:2: warning: enumeration value 'S_Mode_10' not handled in switch [-Wswitch]
../Core/Src/main.c:822:2: warning: enumeration value 'S_Mode_11' not handled in switch [-Wswitch]
../Core/Src/main.c:822:2: warning: enumeration value 'S_Mode_12' not handled in switch [-Wswitch]
../Core/Src/main.c:822:2: warning: enumeration value 'S_Mode_13' not handled in switch [-Wswitch]
../Core/Src/main.c:822:2: warning: enumeration value 'S_Mode_14' not handled in switch [-Wswitch]
../Core/Src/main.c:822:2: warning: enumeration value 'S_Frame3_DataFrame_1' not handled in switch [-Wswitch]
../Core/Src/main.c:822:2: warning: enumeration value 'S_Checksum2_4' not handled in switch [-Wswitch]
../Core/Src/main.c:822:2: warning: enumeration value 'S_Checksum2_5' not handled in switch [-Wswitch]
../Core/Src/main.c:822:2: warning: enumeration value 'S_error' not handled in switch [-Wswitch]
../Core/Src/main.c:822:2: warning: enumeration value 'S_SendACK' not handled in switch [-Wswitch]
../Core/Src/main.c:822:2: warning: enumeration value 'DNMXP_idle' not handled in switch [-Wswitch]
../Core/Src/main.c:822:2: warning: enumeration value 'DNMXP_1stHeader' not handled in switch [-Wswitch]
../Core/Src/main.c:822:2: warning: enumeration value 'DNMXP_2ndHeader' not handled in switch [-Wswitch]
../Core/Src/main.c:822:2: warning: enumeration value 'DNMXP_3rdHeader' not handled in switch [-Wswitch]
../Core/Src/main.c:822:2: warning: enumeration value 'DNMXP_Reserved' not handled in switch [-Wswitch]
../Core/Src/main.c:822:2: warning: enumeration value 'DNMXP_ID' not handled in switch [-Wswitch]
../Core/Src/main.c:822:2: warning: enumeration value 'DNMXP_LEN1' not handled in switch [-Wswitch]
../Core/Src/main.c:822:2: warning: enumeration value 'DNMXP_LEN2' not handled in switch [-Wswitch]
../Core/Src/main.c:822:2: warning: enumeration value 'DNMXP_Inst' not handled in switch [-Wswitch]
../Core/Src/main.c:822:2: warning: enumeration value 'DNMXP_ParameterCollect' not handled in switch [-Wswitch]
../Core/Src/main.c:822:2: warning: enumeration value 'DNMXP_CRCAndExecute' not handled in switch [-Wswitch]
../Core/Src/main.c:814:18: warning: unused variable 'CRC_accum' [-Wunused-variable]
  814 |  static uint16_t CRC_accum;
      |                  ^~~~~~~~~
../Core/Src/main.c:813:18: warning: unused variable 'packetSize' [-Wunused-variable]
  813 |  static uint16_t packetSize = 0;
      |                  ^~~~~~~~~~
../Core/Src/main.c:812:18: warning: unused variable 'CRCCheck' [-Wunused-variable]
  812 |  static uint16_t CRCCheck = 0;
      |                  ^~~~~~~~
../Core/Src/main.c:810:17: warning: unused variable 'parameter' [-Wunused-variable]
  810 |  static uint8_t parameter[256] =
      |                 ^~~~~~~~~
../Core/Src/main.c:809:17: warning: unused variable 'inst' [-Wunused-variable]
  809 |  static uint8_t inst = 0;
      |                 ^~~~
../Core/Src/main.c:807:18: warning: unused variable 'datalen' [-Wunused-variable]
  807 |  static uint16_t datalen = 0;
      |                  ^~~~~~~
../Core/Src/main.c: In function 'I2Creader':
../Core/Src/main.c:1206:35: warning: passing argument 2 of 'HAL_I2C_Master_Receive_IT' makes integer from pointer without a cast [-Wint-conversion]
 1206 |  HAL_I2C_Master_Receive_IT(&hi2c1,laserStatus,1,10);
      |                                   ^~~~~~~~~~~
      |                                   |
      |                                   uint16_t * {aka short unsigned int *}
In file included from ../Core/Inc/stm32f4xx_hal_conf.h:358,
                 from ../Drivers/STM32F4xx_HAL_Driver/Inc/stm32f4xx_hal.h:30,
                 from ../Core/Inc/main.h:31,
                 from ../Core/Src/main.c:21:
../Drivers/STM32F4xx_HAL_Driver/Inc/stm32f4xx_hal_i2c.h:577:79: note: expected 'uint16_t' {aka 'short unsigned int'} but argument is of type 'uint16_t *' {aka 'short unsigned int *'}
  577 | HAL_StatusTypeDef HAL_I2C_Master_Receive_IT(I2C_HandleTypeDef *hi2c, uint16_t DevAddress, uint8_t *pData, uint16_t Size);
      |                                                                      ~~~~~~~~~^~~~~~~~~~
../Core/Src/main.c:1206:47: warning: passing argument 3 of 'HAL_I2C_Master_Receive_IT' makes pointer from integer without a cast [-Wint-conversion]
 1206 |  HAL_I2C_Master_Receive_IT(&hi2c1,laserStatus,1,10);
      |                                               ^
      |                                               |
      |                                               int
In file included from ../Core/Inc/stm32f4xx_hal_conf.h:358,
                 from ../Drivers/STM32F4xx_HAL_Driver/Inc/stm32f4xx_hal.h:30,
                 from ../Core/Inc/main.h:31,
                 from ../Core/Src/main.c:21:
../Drivers/STM32F4xx_HAL_Driver/Inc/stm32f4xx_hal_i2c.h:577:100: note: expected 'uint8_t *' {aka 'unsigned char *'} but argument is of type 'int'
  577 | HAL_StatusTypeDef HAL_I2C_Master_Receive_IT(I2C_HandleTypeDef *hi2c, uint16_t DevAddress, uint8_t *pData, uint16_t Size);
      |                                                                                           ~~~~~~~~~^~~~~
../Core/Src/main.c: In function 'findingPosition':
../Core/Src/main.c:1181:1: warning: control reaches end of non-void function [-Wreturn-type]
 1181 | }
      | ^
At top level:
../Core/Src/main.c:807:18: warning: 'datalen' defined but not used [-Wunused-variable]
  807 |  static uint16_t datalen = 0;
      |                  ^~~~~~~
../Core/Src/main.c:809:17: warning: 'inst' defined but not used [-Wunused-variable]
  809 |  static uint8_t inst = 0;
      |                 ^~~~
../Core/Src/main.c:810:17: warning: 'parameter' defined but not used [-Wunused-variable]
  810 |  static uint8_t parameter[256] =
      |                 ^~~~~~~~~
../Core/Src/main.c:812:18: warning: 'CRCCheck' defined but not used [-Wunused-variable]
  812 |  static uint16_t CRCCheck = 0;
      |                  ^~~~~~~~
../Core/Src/main.c:813:18: warning: 'packetSize' defined but not used [-Wunused-variable]
  813 |  static uint16_t packetSize = 0;
      |                  ^~~~~~~~~~
../Core/Src/main.c:814:18: warning: 'CRC_accum' defined but not used [-Wunused-variable]
  814 |  static uint16_t CRC_accum;
      |                  ^~~~~~~~~
../Core/Src/main.c:88:17: warning: 'Endeffecter' defined but not used [-Wunused-variable]
   88 | static uint16_t Endeffecter = 0;
      |                 ^~~~~~~~~~~
../Core/Src/main.c:87:16: warning: 'GO' defined but not used [-Wunused-variable]
   87 | static uint8_t GO = 0;
      |                ^~
../Core/Src/main.c:82:17: warning: 'STATEJUMP' defined but not used [-Wunused-variable]
   82 | static uint16_t STATEJUMP = 0;
      |                 ^~~~~~~~~
../Core/Src/main.c:81:17: warning: 'JUMP' defined but not used [-Wunused-variable]
   81 | static uint16_t JUMP = 0;
      |                 ^~~~
../Core/Src/main.c:79:16: warning: 'DATAFRAME_4' defined but not used [-Wunused-variable]
   79 | static uint8_t DATAFRAME_4 [256] = { 0 };
      |                ^~~~~~~~~~~
arm-none-eabi-gcc -o "week8.elf" @"objects.list"   -mcpu=cortex-m4 -T"/Users/amejiyopakapak/Documents/GitHub/ProjectY2T2/week8/week8/week8/week8/STM32F411RETX_FLASH.ld" --specs=nosys.specs -Wl,-Map="week8.map" -Wl,--gc-sections -static --specs=nano.specs -mfpu=fpv4-sp-d16 -mfloat-abi=hard -mthumb -Wl,--start-group -lc -lm -Wl,--end-group
Finished building target: week8.elf
 
arm-none-eabi-objdump -h -S  week8.elf  > "week8.list"
arm-none-eabi-objcopy  -O binary  week8.elf  "week8.bin"
arm-none-eabi-size   week8.elf 
   text	   data	    bss	    dec	    hex	filename
  41748	    152	   4048	  45948	   b37c	week8.elf
Finished building: default.size.stdout
 
Finished building: week8.bin
 
Finished building: week8.list
 
09:10:01 **** Incremental Build of configuration Debug for project week8 ****
make -j3 all 
arm-none-eabi-size   week8.elf 
   text	   data	    bss	    dec	    hex	filename
  41748	    152	   4048	  45948	   b37c	week8.elf
Finished building: default.size.stdout
 
