2021-07-19 11:21:28,373 [INFO] Activator:170 - 


2021-07-19 11:21:28,376 [INFO] Activator:171 - !SESSION log4j initialized
2021-07-19 11:21:33,507 [ERROR] LogOutputStream:74 - [STDERR_REDIRECT] 
2021-07-19 11:21:33,647 [INFO] McuFinderGlobals:39 - Set McuFinder mode to 2 (CubeIDE integrated)
2021-07-19 13:31:11,236 [INFO] Activator:170 - 


2021-07-19 13:31:11,239 [INFO] Activator:171 - !SESSION log4j initialized
2021-07-19 13:31:14,872 [ERROR] LogOutputStream:74 - [STDERR_REDIRECT] 
2021-07-19 13:31:37,794 [INFO] McuFinderGlobals:39 - Set McuFinder mode to 2 (CubeIDE integrated)
2021-07-19 13:31:37,967 [INFO] ApplicationProperties:181 - Using Application install path: /Applications/STM32CubeIDE 2.app/Contents/Eclipse/plugins/com.st.stm32cube.common.mx_6.2.1.202103241236
2021-07-19 13:31:37,987 [INFO] DbMcusXml:74 - Set database path to: /Applications/STM32CubeIDE 2.app/Contents/Eclipse/plugins/com.st.stm32cube.common.mx_6.2.1.202103241236//db//mcu/
2021-07-19 13:31:37,992 [INFO] DbBoardsPdsc:56 - Set plugin database path to: /Applications/STM32CubeIDE 2.app/Contents/Eclipse/plugins/com.st.stm32cube.common.mx_6.2.1.202103241236//db//plugins/boardmanager/
2021-07-19 13:31:37,993 [INFO] DbMcus:258 - Set plugin images path to: /Applications/STM32CubeIDE 2.app/Contents/Eclipse/plugins/com.st.stm32cube.common.mx_6.2.1.202103241236//db//plugins/mcufinder/images/
2021-07-19 13:31:37,993 [INFO] DbBoards:264 - Set plugin images path to: /Applications/STM32CubeIDE 2.app/Contents/Eclipse/plugins/com.st.stm32cube.common.mx_6.2.1.202103241236//db//plugins/mcufinder/images/
2021-07-19 13:31:37,997 [INFO] DbExamples:333 - Set plugin images path to: /Applications/STM32CubeIDE 2.app/Contents/Eclipse/plugins/com.st.stm32cube.common.mx_6.2.1.202103241236//db//plugins/mcufinder/images/
2021-07-19 13:31:38,009 [INFO] DbMcusAds:85 - Set database path to: /Users/amejiyopakapak/.stmcufinder/plugins/mcufinder//mcu/
2021-07-19 13:31:38,011 [INFO] DbMcusDocs:110 - Set database path to: /Users/amejiyopakapak/.stmcufinder/plugins/mcufinder//mcu/
2021-07-19 13:31:38,013 [INFO] DbMcusJson:65 - Set database path to: /Users/amejiyopakapak/.stmcufinder/plugins/mcufinder//mcu/
2021-07-19 13:31:38,015 [INFO] DbBoardsDocs:110 - Set database path to: /Users/amejiyopakapak/.stmcufinder/plugins/mcufinder//mcu/
2021-07-19 13:31:38,017 [INFO] DbBoardsJson:58 - Set database path to: /Users/amejiyopakapak/.stmcufinder/plugins/mcufinder//mcu/
2021-07-19 13:31:38,022 [INFO] CrossReferenceDbSqlite:196 - Set database path to: /Users/amejiyopakapak/.stmcufinder/plugins/mcufinder//mcu/cs/
2021-07-19 13:31:38,028 [INFO] DbExamplesSqlite:690 - Set database path to: /Users/amejiyopakapak/.stmcufinder/plugins/mcufinder//mcu/
2021-07-19 13:31:38,218 [INFO] RulesReader:52 - Compatibility file has been processed (237 Rules)
2021-07-19 13:31:38,334 [INFO] MicroXplorer:622 - Detected Java Version = 11.0.9.1
2021-07-19 13:31:38,336 [INFO] DbMcusXml:74 - Set database path to: /Applications/STM32CubeIDE 2.app/Contents/Eclipse/plugins/com.st.stm32cube.common.mx_6.2.1.202103241236//db//mcu/
2021-07-19 13:31:38,337 [INFO] DbBoardsPdsc:56 - Set plugin database path to: /Applications/STM32CubeIDE 2.app/Contents/Eclipse/plugins/com.st.stm32cube.common.mx_6.2.1.202103241236//db//plugins/boardmanager/
2021-07-19 13:31:38,337 [INFO] DbMcus:258 - Set plugin images path to: /Applications/STM32CubeIDE 2.app/Contents/Eclipse/plugins/com.st.stm32cube.common.mx_6.2.1.202103241236//db//plugins/mcufinder/images/
2021-07-19 13:31:38,337 [INFO] DbBoards:264 - Set plugin images path to: /Applications/STM32CubeIDE 2.app/Contents/Eclipse/plugins/com.st.stm32cube.common.mx_6.2.1.202103241236//db//plugins/mcufinder/images/
2021-07-19 13:31:38,337 [INFO] DbExamples:333 - Set plugin images path to: /Applications/STM32CubeIDE 2.app/Contents/Eclipse/plugins/com.st.stm32cube.common.mx_6.2.1.202103241236//db//plugins/mcufinder/images/
2021-07-19 13:31:38,338 [WARN] DbFile:35 - Overriding database path with different value: /Users/amejiyopakapak/.stmcufinder/plugins/mcufinder/ => /Users/amejiyopakapak/.stmcufinder/plugins/mcufinder
2021-07-19 13:31:38,338 [INFO] DbMcusAds:85 - Set database path to: /Users/amejiyopakapak/.stmcufinder/plugins/mcufinder//mcu/
2021-07-19 13:31:38,338 [WARN] DbFile:35 - Overriding database path with different value: /Users/amejiyopakapak/.stmcufinder/plugins/mcufinder/ => /Users/amejiyopakapak/.stmcufinder/plugins/mcufinder
2021-07-19 13:31:38,338 [INFO] DbMcusDocs:110 - Set database path to: /Users/amejiyopakapak/.stmcufinder/plugins/mcufinder//mcu/
2021-07-19 13:31:38,339 [WARN] DbFile:35 - Overriding database path with different value: /Users/amejiyopakapak/.stmcufinder/plugins/mcufinder/ => /Users/amejiyopakapak/.stmcufinder/plugins/mcufinder
2021-07-19 13:31:38,339 [INFO] DbMcusJson:65 - Set database path to: /Users/amejiyopakapak/.stmcufinder/plugins/mcufinder//mcu/
2021-07-19 13:31:38,339 [WARN] DbFile:35 - Overriding database path with different value: /Users/amejiyopakapak/.stmcufinder/plugins/mcufinder/ => /Users/amejiyopakapak/.stmcufinder/plugins/mcufinder
2021-07-19 13:31:38,339 [INFO] DbBoardsDocs:110 - Set database path to: /Users/amejiyopakapak/.stmcufinder/plugins/mcufinder//mcu/
2021-07-19 13:31:38,340 [WARN] DbFile:35 - Overriding database path with different value: /Users/amejiyopakapak/.stmcufinder/plugins/mcufinder/ => /Users/amejiyopakapak/.stmcufinder/plugins/mcufinder
2021-07-19 13:31:38,340 [INFO] DbBoardsJson:58 - Set database path to: /Users/amejiyopakapak/.stmcufinder/plugins/mcufinder//mcu/
2021-07-19 13:31:38,340 [WARN] DbFile:35 - Overriding database path with different value: /Users/amejiyopakapak/.stmcufinder/plugins/mcufinder/ => /Users/amejiyopakapak/.stmcufinder/plugins/mcufinder
2021-07-19 13:31:38,341 [WARN] DbFile:35 - Overriding database path with different value: /Users/amejiyopakapak/.stmcufinder/plugins/mcufinder/ => /Users/amejiyopakapak/.stmcufinder/plugins/mcufinder
2021-07-19 13:31:38,341 [INFO] CrossReferenceDbSqlite:196 - Set database path to: /Users/amejiyopakapak/.stmcufinder/plugins/mcufinder//mcu/cs/
2021-07-19 13:31:38,341 [WARN] DbFile:35 - Overriding database path with different value: /Users/amejiyopakapak/.stmcufinder/plugins/mcufinder/ => /Users/amejiyopakapak/.stmcufinder/plugins/mcufinder
2021-07-19 13:31:38,341 [INFO] DbExamplesSqlite:690 - Set database path to: /Users/amejiyopakapak/.stmcufinder/plugins/mcufinder//mcu/
2021-07-19 13:31:38,446 [INFO] MainPanel:204 - HeapMemory: 268435456
2021-07-19 13:31:38,572 [INFO] DbMcusXml:74 - Set database path to: /Applications/STM32CubeIDE 2.app/Contents/Eclipse/plugins/com.st.stm32cube.common.mx_6.2.1.202103241236//db//mcu/
2021-07-19 13:31:38,572 [INFO] DbBoardsPdsc:56 - Set plugin database path to: /Applications/STM32CubeIDE 2.app/Contents/Eclipse/plugins/com.st.stm32cube.common.mx_6.2.1.202103241236//db//plugins/boardmanager/
2021-07-19 13:31:38,572 [INFO] DbMcus:258 - Set plugin images path to: /Applications/STM32CubeIDE 2.app/Contents/Eclipse/plugins/com.st.stm32cube.common.mx_6.2.1.202103241236//db//plugins/mcufinder/images/
2021-07-19 13:31:38,572 [INFO] DbBoards:264 - Set plugin images path to: /Applications/STM32CubeIDE 2.app/Contents/Eclipse/plugins/com.st.stm32cube.common.mx_6.2.1.202103241236//db//plugins/mcufinder/images/
2021-07-19 13:31:38,572 [INFO] DbExamples:333 - Set plugin images path to: /Applications/STM32CubeIDE 2.app/Contents/Eclipse/plugins/com.st.stm32cube.common.mx_6.2.1.202103241236//db//plugins/mcufinder/images/
2021-07-19 13:31:38,573 [WARN] DbFile:35 - Overriding database path with different value: /Users/amejiyopakapak/.stmcufinder/plugins/mcufinder/ => /Users/amejiyopakapak/.stmcufinder/plugins/mcufinder
2021-07-19 13:31:38,573 [INFO] DbMcusAds:85 - Set database path to: /Users/amejiyopakapak/.stmcufinder/plugins/mcufinder//mcu/
2021-07-19 13:31:38,573 [WARN] DbFile:35 - Overriding database path with different value: /Users/amejiyopakapak/.stmcufinder/plugins/mcufinder/ => /Users/amejiyopakapak/.stmcufinder/plugins/mcufinder
2021-07-19 13:31:38,574 [INFO] DbMcusDocs:110 - Set database path to: /Users/amejiyopakapak/.stmcufinder/plugins/mcufinder//mcu/
2021-07-19 13:31:38,574 [WARN] DbFile:35 - Overriding database path with different value: /Users/amejiyopakapak/.stmcufinder/plugins/mcufinder/ => /Users/amejiyopakapak/.stmcufinder/plugins/mcufinder
2021-07-19 13:31:38,574 [INFO] DbMcusJson:65 - Set database path to: /Users/amejiyopakapak/.stmcufinder/plugins/mcufinder//mcu/
2021-07-19 13:31:38,574 [WARN] DbFile:35 - Overriding database path with different value: /Users/amejiyopakapak/.stmcufinder/plugins/mcufinder/ => /Users/amejiyopakapak/.stmcufinder/plugins/mcufinder
2021-07-19 13:31:38,574 [INFO] DbBoardsDocs:110 - Set database path to: /Users/amejiyopakapak/.stmcufinder/plugins/mcufinder//mcu/
2021-07-19 13:31:38,574 [WARN] DbFile:35 - Overriding database path with different value: /Users/amejiyopakapak/.stmcufinder/plugins/mcufinder/ => /Users/amejiyopakapak/.stmcufinder/plugins/mcufinder
2021-07-19 13:31:38,574 [INFO] DbBoardsJson:58 - Set database path to: /Users/amejiyopakapak/.stmcufinder/plugins/mcufinder//mcu/
2021-07-19 13:31:38,575 [WARN] DbFile:35 - Overriding database path with different value: /Users/amejiyopakapak/.stmcufinder/plugins/mcufinder/ => /Users/amejiyopakapak/.stmcufinder/plugins/mcufinder
2021-07-19 13:31:38,575 [WARN] DbFile:35 - Overriding database path with different value: /Users/amejiyopakapak/.stmcufinder/plugins/mcufinder/ => /Users/amejiyopakapak/.stmcufinder/plugins/mcufinder
2021-07-19 13:31:38,575 [INFO] CrossReferenceDbSqlite:196 - Set database path to: /Users/amejiyopakapak/.stmcufinder/plugins/mcufinder//mcu/cs/
2021-07-19 13:31:38,575 [WARN] DbFile:35 - Overriding database path with different value: /Users/amejiyopakapak/.stmcufinder/plugins/mcufinder/ => /Users/amejiyopakapak/.stmcufinder/plugins/mcufinder
2021-07-19 13:31:38,576 [INFO] DbExamplesSqlite:690 - Set database path to: /Users/amejiyopakapak/.stmcufinder/plugins/mcufinder//mcu/
2021-07-19 13:31:38,602 [INFO] ApplicationProperties:181 - Using Application install path: /Applications/STM32CubeIDE 2.app/Contents/Eclipse/plugins/com.st.stm32cube.common.mx_6.2.1.202103241236
2021-07-19 13:31:38,604 [INFO] PluginManage:178 - Search for loadable plugins [exclusion list=, ]
2021-07-19 13:31:38,606 [INFO] PluginManage:292 - Check plugin analytics
2021-07-19 13:31:38,849 [INFO] AnalyticsPlugin:233 - Accepted Software Licenses: 
2021-07-19 13:31:38,849 [INFO] AnalyticsPlugin:235 - Accepted CMSIS Pack Licenses: 
2021-07-19 13:31:38,850 [INFO] AnalyticsPlugin:237 - Accepted Firmware Licenses: 
2021-07-19 13:31:38,850 [INFO] PluginManage:342 - Loaded plugin analytics (category:tool,tabindex:-1)
2021-07-19 13:31:38,851 [INFO] PluginManage:292 - Check plugin clock
2021-07-19 13:31:38,870 [INFO] PluginManage:342 - Loaded plugin clock (category:base,tabindex:2)
2021-07-19 13:31:38,870 [INFO] PluginManage:292 - Check plugin ddr
2021-07-19 13:31:38,875 [INFO] PluginManage:342 - Loaded plugin ddr (category:tool,tabindex:6)
2021-07-19 13:31:38,875 [INFO] PluginManage:292 - Check plugin filemanager
2021-07-19 13:31:39,130 [INFO] PluginManage:342 - Loaded plugin filemanager (category:base,tabindex:10)
2021-07-19 13:31:39,131 [INFO] PluginManage:292 - Check plugin ipmanager
2021-07-19 13:31:39,142 [INFO] PluginManage:342 - Loaded plugin ipmanager (category:base,tabindex:5)
2021-07-19 13:31:39,142 [INFO] PluginManage:292 - Check plugin pinoutandconfiguration
2021-07-19 13:31:39,157 [INFO] PluginManage:342 - Loaded plugin pinoutandconfiguration (category:base,tabindex:1)
2021-07-19 13:31:39,157 [INFO] PluginManage:292 - Check plugin pinoutconfig
2021-07-19 13:31:39,224 [INFO] PluginManage:342 - Loaded plugin pinoutconfig (category:base,tabindex:0)
2021-07-19 13:31:39,225 [INFO] PluginManage:292 - Check plugin power
2021-07-19 13:31:39,247 [INFO] PluginManage:342 - Loaded plugin power (category:power,tabindex:4)
2021-07-19 13:31:39,247 [INFO] PluginManage:292 - Check plugin projectmanager
2021-07-19 13:31:39,277 [INFO] PluginManage:342 - Loaded plugin projectmanager (category:projectmanager,tabindex:3)
2021-07-19 13:31:39,277 [INFO] PluginManage:292 - Check plugin thirdparty
2021-07-19 13:31:39,474 [INFO] PluginManage:342 - Loaded plugin thirdparty (category:base,tabindex:-1)
2021-07-19 13:31:39,474 [WARN] IntegrityCheckThread:59 - waiting for thirdparty lock release [integrity check]
2021-07-19 13:31:39,474 [INFO] PluginManage:292 - Check plugin tools
2021-07-19 13:31:39,475 [INFO] IntegrityCheckThread:61 - entering critical section [integrity check]
2021-07-19 13:31:39,476 [INFO] ThirdPartyUpdaterWithRetryManager:56 - Updater plugin not ready yet. [1/15]
2021-07-19 13:31:39,479 [INFO] PluginManage:342 - Loaded plugin tools (category:base,tabindex:7)
2021-07-19 13:31:39,480 [INFO] PluginManage:292 - Check plugin tutovideos
2021-07-19 13:31:39,820 [INFO] PluginManage:342 - Loaded plugin tutovideos (category:base,tabindex:-1)
2021-07-19 13:31:39,821 [INFO] PluginManage:292 - Check plugin updater
2021-07-19 13:31:39,839 [INFO] PluginManage:342 - Loaded plugin updater (category:base,tabindex:12)
2021-07-19 13:31:39,839 [INFO] PluginManage:265 - PluginManage : Loaded plugins [13]
2021-07-19 13:31:42,234 [INFO] PinOutPanel:1435 - setPackage(No Configuration,No Configuration)
2021-07-19 13:31:42,396 [INFO] IPUIPlugin:64 - create IPUIPlugin
2021-07-19 13:31:42,397 [INFO] PluginManager:203 - loadIPPluginJar : add mdma
2021-07-19 13:31:42,413 [INFO] IPUIPlugin:64 - create IPUIPlugin
2021-07-19 13:31:42,414 [INFO] PluginManager:203 - loadIPPluginJar : add freertos
2021-07-19 13:31:42,425 [INFO] IPUIPlugin:64 - create IPUIPlugin
2021-07-19 13:31:42,425 [INFO] PluginManager:203 - loadIPPluginJar : add gic
2021-07-19 13:31:42,442 [INFO] IPUIPlugin:64 - create IPUIPlugin
2021-07-19 13:31:42,442 [INFO] PluginManager:203 - loadIPPluginJar : add adc
2021-07-19 13:31:42,447 [INFO] IPUIPlugin:64 - create IPUIPlugin
2021-07-19 13:31:42,447 [INFO] PluginManager:203 - loadIPPluginJar : add gtzc
2021-07-19 13:31:42,449 [INFO] IPUIPlugin:64 - create IPUIPlugin
2021-07-19 13:31:42,450 [INFO] PluginManager:203 - loadIPPluginJar : add quadspi
2021-07-19 13:31:42,454 [INFO] IPUIPlugin:64 - create IPUIPlugin
2021-07-19 13:31:42,455 [INFO] PluginManager:203 - loadIPPluginJar : add aes
2021-07-19 13:31:42,460 [INFO] IPUIPlugin:64 - create IPUIPlugin
2021-07-19 13:31:42,461 [INFO] PluginManager:203 - loadIPPluginJar : add pdm2pcm
2021-07-19 13:31:42,465 [INFO] IPUIPlugin:64 - create IPUIPlugin
2021-07-19 13:31:42,466 [INFO] PluginManager:203 - loadIPPluginJar : add hash
2021-07-19 13:31:42,469 [INFO] IPUIPlugin:64 - create IPUIPlugin
2021-07-19 13:31:42,470 [INFO] PluginManager:203 - loadIPPluginJar : add tim
2021-07-19 13:31:42,473 [INFO] IPUIPlugin:64 - create IPUIPlugin
2021-07-19 13:31:42,473 [INFO] PluginManager:203 - loadIPPluginJar : add tsc
2021-07-19 13:31:42,477 [INFO] IPUIPlugin:64 - create IPUIPlugin
2021-07-19 13:31:42,477 [INFO] ThirdPartyUpdaterWithRetryManager:56 - Updater plugin not ready yet. [2/15]
2021-07-19 13:31:42,477 [INFO] PluginManager:203 - loadIPPluginJar : add ts
2021-07-19 13:31:42,482 [INFO] IPUIPlugin:64 - create IPUIPlugin
2021-07-19 13:31:42,483 [INFO] PluginManager:203 - loadIPPluginJar : add can
2021-07-19 13:31:42,487 [INFO] IPUIPlugin:64 - create IPUIPlugin
2021-07-19 13:31:42,488 [INFO] PluginManager:203 - loadIPPluginJar : add dfsdm
2021-07-19 13:31:42,492 [INFO] IPUIPlugin:64 - create IPUIPlugin
2021-07-19 13:31:42,492 [INFO] PluginManager:203 - loadIPPluginJar : add spi
2021-07-19 13:31:42,495 [INFO] IPUIPlugin:64 - create IPUIPlugin
2021-07-19 13:31:42,496 [INFO] PluginManager:203 - loadIPPluginJar : add gfxmmu
2021-07-19 13:31:42,498 [INFO] IPUIPlugin:64 - create IPUIPlugin
2021-07-19 13:31:42,498 [INFO] PluginManager:203 - loadIPPluginJar : add genericplugin
2021-07-19 13:31:42,502 [INFO] IPUIPlugin:64 - create IPUIPlugin
2021-07-19 13:31:42,502 [INFO] PluginManager:203 - loadIPPluginJar : add cryp
2021-07-19 13:31:42,510 [INFO] IPUIPlugin:64 - create IPUIPlugin
2021-07-19 13:31:42,510 [INFO] PluginManager:203 - loadIPPluginJar : add gpio
2021-07-19 13:31:42,512 [INFO] IPUIPlugin:64 - create IPUIPlugin
2021-07-19 13:31:42,513 [INFO] PluginManager:203 - loadIPPluginJar : add comp
2021-07-19 13:31:42,515 [INFO] IPUIPlugin:64 - create IPUIPlugin
2021-07-19 13:31:42,516 [INFO] PluginManager:203 - loadIPPluginJar : add tracer_emb
2021-07-19 13:31:42,520 [INFO] IPUIPlugin:64 - create IPUIPlugin
2021-07-19 13:31:42,520 [INFO] PluginManager:203 - loadIPPluginJar : add openamp
2021-07-19 13:31:42,527 [INFO] IPUIPlugin:64 - create IPUIPlugin
2021-07-19 13:31:42,527 [INFO] PluginManager:203 - loadIPPluginJar : add stm32_wpan
2021-07-19 13:31:42,538 [INFO] IPUIPlugin:64 - create IPUIPlugin
2021-07-19 13:31:42,542 [INFO] PluginManager:203 - loadIPPluginJar : add plateformsettings
2021-07-19 13:31:42,548 [INFO] IPUIPlugin:64 - create IPUIPlugin
2021-07-19 13:31:42,548 [INFO] PluginManager:203 - loadIPPluginJar : add ipddr
2021-07-19 13:31:42,552 [INFO] IPUIPlugin:64 - create IPUIPlugin
2021-07-19 13:31:42,553 [INFO] PluginManager:203 - loadIPPluginJar : add usart
2021-07-19 13:31:42,555 [INFO] IPUIPlugin:64 - create IPUIPlugin
2021-07-19 13:31:42,555 [INFO] PluginManager:203 - loadIPPluginJar : add ltdc
2021-07-19 13:31:42,561 [INFO] IPUIPlugin:64 - create IPUIPlugin
2021-07-19 13:31:42,561 [INFO] PluginManager:203 - loadIPPluginJar : add nvic
2021-07-19 13:31:42,564 [INFO] IPUIPlugin:64 - create IPUIPlugin
2021-07-19 13:31:42,564 [INFO] PluginManager:203 - loadIPPluginJar : add fatfs
2021-07-19 13:31:42,573 [INFO] IPUIPlugin:64 - create IPUIPlugin
2021-07-19 13:31:42,573 [INFO] PluginManager:203 - loadIPPluginJar : add dma
2021-07-19 13:31:42,579 [INFO] IPUIPlugin:64 - create IPUIPlugin
2021-07-19 13:31:42,580 [INFO] PluginManager:203 - loadIPPluginJar : add fmc
2021-07-19 13:31:42,583 [INFO] IPUIPlugin:64 - create IPUIPlugin
2021-07-19 13:31:42,584 [INFO] PluginManager:203 - loadIPPluginJar : add i2s
2021-07-19 13:31:42,586 [INFO] IPUIPlugin:64 - create IPUIPlugin
2021-07-19 13:31:42,587 [INFO] PluginManager:203 - loadIPPluginJar : add ucpd
2021-07-19 13:31:42,590 [INFO] IPUIPlugin:64 - create IPUIPlugin
2021-07-19 13:31:42,590 [INFO] PluginManager:203 - loadIPPluginJar : add lorawan
2021-07-19 13:31:42,594 [INFO] IPUIPlugin:64 - create IPUIPlugin
2021-07-19 13:31:42,595 [INFO] PluginManager:203 - loadIPPluginJar : add opamp
2021-07-19 13:31:42,600 [INFO] IPUIPlugin:64 - create IPUIPlugin
2021-07-19 13:31:42,600 [INFO] PluginManager:203 - loadIPPluginJar : add touchsensing
2021-07-19 13:31:42,605 [INFO] IPUIPlugin:64 - create IPUIPlugin
2021-07-19 13:31:42,605 [INFO] PluginManager:203 - loadIPPluginJar : add i2c
2021-07-19 13:31:42,611 [INFO] IPUIPlugin:64 - create IPUIPlugin
2021-07-19 13:31:42,611 [INFO] PluginManager:203 - loadIPPluginJar : add resmgrutility
2021-07-19 13:31:42,616 [INFO] IPUIPlugin:64 - create IPUIPlugin
2021-07-19 13:31:42,616 [INFO] PluginManager:203 - loadIPPluginJar : add sai
2021-07-19 13:31:42,952 [FATAL] Updater:284 - Updater called before beeing initialized
2021-07-19 13:31:43,092 [FATAL] Updater:284 - Updater called before beeing initialized
2021-07-19 13:31:43,100 [INFO] DbMcusAds:132 - JSON generation date=Mon Jul 12 21:30:20 ICT 2021 (1626100220514)
2021-07-19 13:31:43,100 [FATAL] Updater:284 - Updater called before beeing initialized
2021-07-19 13:31:43,968 [WARN] DetailPanel:315 - Failed to get advertising image, set to default
2021-07-19 13:31:44,215 [FATAL] Updater:284 - Updater called before beeing initialized
2021-07-19 13:31:44,219 [FATAL] Updater:284 - Updater called before beeing initialized
2021-07-19 13:31:44,219 [FATAL] Updater:284 - Updater called before beeing initialized
2021-07-19 13:31:44,219 [WARN] DetailPanel:315 - Failed to get advertising image, set to default
2021-07-19 13:31:44,221 [FATAL] Updater:284 - Updater called before beeing initialized
2021-07-19 13:31:44,264 [FATAL] Updater:284 - Updater called before beeing initialized
2021-07-19 13:31:44,265 [WARN] ThirdParty:796 - waiting for thirdparty lock release [close project]
2021-07-19 13:31:45,482 [INFO] ThirdPartyUpdaterWithRetryManager:56 - Updater plugin not ready yet. [3/15]
2021-07-19 13:31:48,486 [FATAL] Updater:284 - Updater called before beeing initialized
2021-07-19 13:31:48,486 [ERROR] AbstractThirdPartyUpdaterManager:153 - class java.lang.Integer cannot be cast to class java.util.List (java.lang.Integer and java.util.List are in module java.base of loader 'bootstrap')
2021-07-19 13:31:48,487 [INFO] ThirdParty:900 - Integrity check success = false
2021-07-19 13:31:48,487 [INFO] IntegrityCheckThread:75 - exiting critical section [integrity check]
2021-07-19 13:31:48,487 [INFO] ThirdParty:798 - entering critical section [close project]
2021-07-19 13:31:48,487 [INFO] IntegrityCheckThread:78 - End integrity checks thread
2021-07-19 13:31:48,491 [INFO] ThirdParty:809 - exiting critical section [close project]
2021-07-19 13:31:48,496 [INFO] PinOutPanel:1435 - setPackage(No Configuration,No Configuration)
2021-07-19 13:31:48,498 [FATAL] Updater:284 - Updater called before beeing initialized
2021-07-19 13:31:48,511 [ERROR] Updater:1065 - MainUpdater not yet initialized. External WinMGr cannot be set.
2021-07-19 13:31:48,550 [INFO] Updater:1002 - Updater Version found : 6.2.1
2021-07-19 13:31:48,594 [INFO] ApplicationProperties:181 - Using Application install path: /Applications/STM32CubeIDE 2.app/Contents/Eclipse/plugins/com.st.stm32cube.common.mx_6.2.1.202103241236
2021-07-19 13:31:48,953 [INFO] MainUpdater:2661 - connection check result : 10
2021-07-19 13:31:48,954 [INFO] MainUpdater:255 - Updater Check For Update Now.
2021-07-19 13:31:48,954 [INFO] MicroXplorer:472 - Change Database Version : DB.6.0.21
2021-07-19 13:31:49,003 [INFO] CheckServerUpdateThread:102 - End of CheckServer Thread
2021-07-19 13:31:49,064 [INFO] MainUpdater:2661 - connection check result : 10
2021-07-19 13:31:49,808 [INFO] CrossSelectorPresenter:1330 - Cross Selector saved comparison directory: /Users/amejiyopakapak/.stmcufinder/plugins/mcufinder/mcu/cs_comparisons_mx
2021-07-19 13:31:49,815 [INFO] MultiScanPanel:200 - Auto-refresh data requested => check proxy status ongoing
2021-07-19 13:31:49,820 [INFO] FinderPluginLoader:87 - Searching for filters in installed packs
2021-07-19 13:31:49,822 [INFO] DbMcusXml:100 - Load MCU database from /Applications/STM32CubeIDE 2.app/Contents/Eclipse/plugins/com.st.stm32cube.common.mx_6.2.1.202103241236//db//mcu/families.xml
2021-07-19 13:31:51,522 [INFO] DbMcusJson:94 - JSON generation date=Mon Jun 07 15:53:21 ICT 2021 (1623056001)
2021-07-19 13:31:53,481 [INFO] DbMcus:175 - Found 1906 MCUs (1866 are supported by CubeMX, 1866 are visible in CubeMX)
2021-07-19 13:31:53,483 [INFO] ApiDb:251 - Load user favorites file /Users/amejiyopakapak/.stm32cubeide/favorites.mcus.txt: 0 item(s)
2021-07-19 13:31:53,484 [INFO] ApiDb:255 - User favorites MCUs=[]
2021-07-19 13:31:53,484 [INFO] DbMcus:187 - Set 0 / 0 favorites MCUs
2021-07-19 13:31:54,224 [WARN] DetailPanel:315 - Failed to get advertising image, set to default
2021-07-19 13:31:55,280 [INFO] DbBoardsPdsc:90 - Found 9 items
2021-07-19 13:31:55,283 [INFO] DbBoardsPdsc:90 - Found 5 items
2021-07-19 13:31:55,286 [INFO] DbBoardsPdsc:90 - Found 2 items
2021-07-19 13:31:55,296 [INFO] DbBoardsPdsc:90 - Found 46 items
2021-07-19 13:31:55,302 [INFO] DbBoardsPdsc:90 - Found 24 items
2021-07-19 13:31:55,304 [INFO] DbBoardsPdsc:90 - Found 1 items
2021-07-19 13:31:55,314 [INFO] DbBoardsPdsc:90 - Found 41 items
2021-07-19 13:31:55,371 [INFO] DbBoardsPdsc:90 - Found 33 items
2021-07-19 13:31:55,377 [WARN] DbBoardsPdsc:254 - Board STM32H7B3I-DK: unknown feature type=Audio, name=, username=Audio stereo codec with Headphone Amp (CS42L51-CNZ), n=1
2021-07-19 13:31:55,378 [WARN] DbBoardsPdsc:254 - Board STM32H735G-DK: unknown feature type=Audio, name=, username=Audio stereo codec with Headphone Amp (WM8994ECS/R), n=1
2021-07-19 13:31:55,378 [WARN] DbBoardsPdsc:254 - Board STM32WB5MM-DK: unknown feature type=, name=, username=Time-of-Flight and gesture-detection sensor, n=1
2021-07-19 13:31:55,378 [WARN] DbBoardsPdsc:254 - Board STM32WB5MM-DK: unknown feature type=, name=, username=3 push-buttons (2 users and 1 reset) and 1 touch key button, n=1
2021-07-19 13:31:55,379 [WARN] DbBoardsPdsc:254 - Board STM32WB5MM-DK: unknown feature type=, name=, username=Flexible power-supply options: ST-LINK/V2-1 USB connector, 5 V delivered by ARDUINO® or external connector, USB charger, or USB power, n=1
2021-07-19 13:31:55,379 [WARN] DbBoardsPdsc:254 - Board STM32WB5MM-DK: unknown feature type=, name=, username=On-board ST-LINK/V2-1 debugger/programmer with USB re-enumeration capability: Virtual COM port and debug port, n=1
2021-07-19 13:31:55,379 [WARN] DbBoardsPdsc:254 - Board STM32WB5MM-DK: unknown feature type=, name=, username=Comprehensive free software libraries and examples available with the STM32CubeWB MCU Package, n=1
2021-07-19 13:31:55,379 [WARN] DbBoardsPdsc:254 - Board STM32WB5MM-DK: unknown feature type=, name=, username=Support of a wide choice of Integrated Development Environments (IDEs) including IAR Embedded Workbench®, MDK-ARM, and STM32CubeIDE, n=1
2021-07-19 13:31:55,382 [WARN] DbBoardsPdsc:254 - Board STM32H7B3I-EVAL: unknown feature type=Audio, name=, username=Multi-Channel Audio Codec (CS42L51-CNZ), n=1
2021-07-19 13:31:55,382 [WARN] DbBoardsPdsc:254 - Board STM32H7B3I-EVAL: unknown feature type=Meter, name=, username=Power-metering and Temperature-monitoring with sigma-delta modulators, n=1
2021-07-19 13:31:55,383 [WARN] DbBoardsPdsc:254 - Board STM32H7B3I-EVAL: unknown feature type=Motor, name=, username=Motor Control, n=1
2021-07-19 13:31:55,384 [WARN] DbBoardsPdsc:254 - Board NUCLEO-WB15CC: unknown feature type=, name=, username=Three user LEDs, n=1
2021-07-19 13:31:55,384 [WARN] DbBoardsPdsc:254 - Board NUCLEO-WB15CC: unknown feature type=, name=, username=One reset and three user push-buttons, n=1
2021-07-19 13:31:55,385 [WARN] DbBoardsPdsc:254 - Board NUCLEO-WB15CC: unknown feature type=, name=, username=Arduino Uno V3 expansion connector, n=1
2021-07-19 13:31:55,385 [WARN] DbBoardsPdsc:254 - Board NUCLEO-WB15CC: unknown feature type=, name=, username=ST morpho extension pin headers for full access to all STM32WB I/Os, n=1
2021-07-19 13:31:55,385 [WARN] DbBoardsPdsc:254 - Board NUCLEO-WB15CC: unknown feature type=, name=, username=Integrated PCB antenna and SMA connector footprint, n=1
2021-07-19 13:31:55,385 [WARN] DbBoardsPdsc:254 - Board NUCLEO-WB15CC: unknown feature type=, name=, username=Flexible power-supply options: ST-LINK, USB VBUS, or external sources, n=1
2021-07-19 13:31:55,385 [WARN] DbBoardsPdsc:254 - Board NUCLEO-WB15CC: unknown feature type=, name=, username=On-board footprint to mount a CR2032 battery socket, n=1
2021-07-19 13:31:55,385 [WARN] DbBoardsPdsc:254 - Board NUCLEO-WB15CC: unknown feature type=, name=, username=On-board ST-LINK/V2-1 debugger/programmer with USB re-enumeration capability: mass storage, Virtual COM port, and debug port, n=1
2021-07-19 13:31:55,385 [WARN] DbBoardsPdsc:254 - Board NUCLEO-WB15CC: unknown feature type=, name=, username=Comprehensive free software libraries and examples available with the STM32CubeWB MCU Package, n=1
2021-07-19 13:31:55,385 [WARN] DbBoardsPdsc:254 - Board NUCLEO-WB15CC: unknown feature type=, name=, username=Support of a wide choice of Integrated Development Environments (IDEs) including IAR Embedded Workbench, MDK-ARM, STM32CubeIDE, and Mbed Studio, n=1
2021-07-19 13:31:55,422 [INFO] DbBoardsJson:87 - JSON generation date=Tue Jun 01 12:52:40 ICT 2021 (1622526760)
2021-07-19 13:31:55,469 [INFO] DbBoards:117 - Found 161 boards (158 are supported by CubeMX)
2021-07-19 13:31:55,491 [INFO] DbBoardsDocs:143 - JSON generation date=Tue Jun 01 12:52:40 ICT 2021 (1622526760)
2021-07-19 13:31:55,533 [INFO] DbBoardsDocs:79 - Found 193 boards documents
2021-07-19 13:31:55,534 [WARN] DbBoards:127 - board B-L462E-CELL1 has no document id list !
2021-07-19 13:31:55,534 [WARN] DbBoards:127 - board B-L475E-IOT01A2 has no document id list !
2021-07-19 13:31:55,536 [WARN] DbBoards:127 - board NUCLEO-G0B1RE has no document id list !
2021-07-19 13:31:55,537 [WARN] DbBoards:127 - board NUCLEO-H743ZI has no document id list !
2021-07-19 13:31:55,538 [WARN] DbBoards:127 - board NUCLEO-L4A6ZG has no document id list !
2021-07-19 13:31:55,538 [WARN] DbBoards:127 - board NUCLEO-WB15CC has no document id list !
2021-07-19 13:31:55,539 [WARN] DbBoards:127 - board NUCLEO-WB55RG has no document id list !
2021-07-19 13:31:55,539 [WARN] DbBoards:127 - board NUCLEO-WL55JC2 has no document id list !
2021-07-19 13:31:55,539 [WARN] DbBoards:127 - board P-NUCLEO-WB55-Nucleo has no document id list !
2021-07-19 13:31:55,539 [WARN] DbBoards:127 - board P-NUCLEO-WB55-USBDongle has no document id list !
2021-07-19 13:31:55,539 [WARN] DbBoards:127 - board STEVAL-BFA001V1B has no document id list !
2021-07-19 13:31:55,539 [WARN] DbBoards:127 - board STEVAL-BFA001V2B has no document id list !
2021-07-19 13:31:55,540 [WARN] DbBoards:127 - board STEVAL-IDP005V1 has no document id list !
2021-07-19 13:31:55,540 [WARN] DbBoards:127 - board STEVAL-IDP005V2 has no document id list !
2021-07-19 13:31:55,540 [WARN] DbBoards:127 - board STEVAL-MKSBOX1V1 has no document id list !
2021-07-19 13:31:55,540 [WARN] DbBoards:127 - board STEVAL-STWINKT1 has no document id list !
2021-07-19 13:31:55,540 [WARN] DbBoards:127 - board STEVAL-STWINKT1B has no document id list !
2021-07-19 13:31:55,541 [WARN] DbBoards:127 - board STM32F401C-DISCO has no document id list !
2021-07-19 13:31:55,542 [WARN] DbBoards:127 - board STM32F769I-DISC1 has no document id list !
2021-07-19 13:31:55,542 [WARN] DbBoards:127 - board STM32G0C1E-EV has no document id list !
2021-07-19 13:31:55,542 [WARN] DbBoards:127 - board STM32G474E-EVAL1 has no document id list !
2021-07-19 13:31:55,543 [WARN] DbBoards:127 - board STM32H743I-EVAL2 has no document id list !
2021-07-19 13:31:55,543 [WARN] DbBoards:127 - board STM32H747I-DISC1 has no document id list !
2021-07-19 13:31:55,543 [WARN] DbBoards:127 - board STM32H753I-EVAL2 has no document id list !
2021-07-19 13:31:55,543 [WARN] DbBoards:127 - board STM32L-DISCOVERY has no document id list !
2021-07-19 13:31:55,544 [WARN] DbBoards:127 - board STM32MP157A-DK1 has no document id list !
2021-07-19 13:31:55,545 [WARN] DbBoards:127 - board STM32MP157F-DK2 has no document id list !
2021-07-19 13:31:55,545 [WARN] DbBoards:127 - board STM32MP157F-EV1 has no document id list !
2021-07-19 13:31:55,545 [WARN] DbBoards:127 - board STM32WB5MM-DK has no document id list !
2021-07-19 13:31:59,081 [INFO] ApiDb:251 - Load user favorites file /Users/amejiyopakapak/.stm32cubeide/favorites.boards.txt: 0 item(s)
2021-07-19 13:31:59,081 [INFO] ApiDb:255 - User favorites Boards=[]
2021-07-19 13:31:59,081 [INFO] DbBoards:206 - Set 0 / 0 favorites Boards
2021-07-19 13:33:00,184 [INFO] MainUpdater:2661 - connection check result : 10
2021-07-19 13:33:00,185 [INFO] MainUpdater:2661 - connection check result : 10
2021-07-19 13:33:00,715 [INFO] MicroXplorer:442 - Change Database Path : 
2021-07-19 13:33:00,715 [INFO] MicroXplorer:472 - Change Database Version : DB.6.0.21
2021-07-19 13:33:00,716 [WARN] ThirdParty:796 - waiting for thirdparty lock release [close project]
2021-07-19 13:33:00,716 [INFO] ThirdParty:798 - entering critical section [close project]
2021-07-19 13:33:00,716 [INFO] ThirdParty:809 - exiting critical section [close project]
2021-07-19 13:33:00,720 [INFO] PinOutPanel:1435 - setPackage(No Configuration,No Configuration)
2021-07-19 13:33:00,723 [INFO] UtilMem:74 - Begin LoadConfig() Used Memory: 393604496 Bytes (492830720)
2021-07-19 13:33:00,726 [INFO] MicroXplorer:442 - Change Database Path : 
2021-07-19 13:33:00,726 [INFO] MicroXplorer:472 - Change Database Version : DB.6.0.21
2021-07-19 13:33:00,726 [INFO] OpenFileManager:303 - Change cursor
2021-07-19 13:33:00,741 [WARN] IntegrityCheckThread:59 - waiting for thirdparty lock release [integrity check]
2021-07-19 13:33:00,741 [INFO] IntegrityCheckThread:61 - entering critical section [integrity check]
2021-07-19 13:33:00,834 [WARN] PackLoader:226 - Cannot read IP mode file for RoweBots.I-CUBE-UNISONRTOS.5.5.0-4
2021-07-19 13:33:00,910 [WARN] PackLoader:226 - Cannot read IP mode file for STMicroelectronics.X-CUBE-SFXS2LP1.3.0.0
2021-07-19 13:33:00,937 [WARN] PackLoader:226 - Cannot read IP mode file for STMicroelectronics.X-CUBE-SUBG2.4.1.0
2021-07-19 13:33:00,951 [WARN] PackLoader:226 - Cannot read IP mode file for STMicroelectronics.X-CUBE-EEPRMA1.3.0.0
2021-07-19 13:33:01,041 [WARN] PackLoader:226 - Cannot read IP mode file for SEGGER.I-CUBE-embOS.1.2.0
2021-07-19 13:33:01,094 [WARN] PackLoader:226 - Cannot read IP mode file for STMicroelectronics.X-CUBE-BLE1.6.2.0
2021-07-19 13:33:01,101 [WARN] PackLoader:226 - Cannot read IP mode file for STMicroelectronics.X-CUBE-NFC4.2.0.2
2021-07-19 13:33:01,107 [WARN] PackLoader:226 - Cannot read IP mode file for STMicroelectronics.X-CUBE-TOUCHGFX.4.17.0
2021-07-19 13:33:01,113 [WARN] PackLoader:226 - Cannot read IP mode file for STMicroelectronics.X-CUBE-BLE2.3.2.0
2021-07-19 13:33:01,119 [WARN] PackLoader:226 - Cannot read IP mode file for STMicroelectronics.X-CUBE-TOF1.1.0.0
2021-07-19 13:33:01,150 [WARN] PackLoader:226 - Cannot read IP mode file for STMicroelectronics.X-CUBE-AZRTOS-H7.1.0.0
2021-07-19 13:33:01,157 [WARN] PackLoader:226 - Cannot read IP mode file for STMicroelectronics.X-CUBE-AI.7.0.0
2021-07-19 13:33:01,232 [WARN] PackLoader:226 - Cannot read IP mode file for STMicroelectronics.X-CUBE-MEMS1.8.3.0
2021-07-19 13:33:01,450 [WARN] PackLoader:226 - Cannot read IP mode file for STMicroelectronics.X-CUBE-DISPLAY.1.0.0
2021-07-19 13:33:01,459 [WARN] PackLoader:226 - Cannot read IP mode file for STMicroelectronics.X-CUBE-ALGOBUILD.1.2.0
2021-07-19 13:33:01,467 [WARN] PackLoader:226 - Cannot read IP mode file for STMicroelectronics.X-CUBE-GNSS1.5.2.0
2021-07-19 13:33:01,474 [WARN] PackLoader:226 - Cannot read IP mode file for wolfSSL.I-CUBE-wolfSSL.4.7.0
2021-07-19 13:33:01,475 [INFO] ThirdParty:900 - Integrity check success = true
2021-07-19 13:33:01,475 [INFO] IntegrityCheckThread:75 - exiting critical section [integrity check]
2021-07-19 13:33:01,475 [INFO] IntegrityCheckThread:78 - End integrity checks thread
2021-07-19 13:33:03,564 [INFO] Context:587 - Trying to add GPIOservice into a context  which must be forbidden
2021-07-19 13:33:04,383 [WARN] ApiManager:294 - Cannot register API 'Board Extension:S2868A1' from pack STMicroelectronics.X-CUBE-SFXS2LP1.3.0.0: no header file found
2021-07-19 13:33:04,383 [WARN] ApiManager:294 - Cannot register API 'Board Extension:S2868A2' from pack STMicroelectronics.X-CUBE-SFXS2LP1.3.0.0: no header file found
2021-07-19 13:33:04,383 [WARN] ApiManager:294 - Cannot register API 'Board Extension:S2915A1' from pack STMicroelectronics.X-CUBE-SFXS2LP1.3.0.0: no header file found
2021-07-19 13:33:04,394 [WARN] ModelIntegratedComponent:51 - No mode defined for component null
2021-07-19 13:33:04,394 [WARN] ModelIntegratedComponent:51 - No mode defined for component null
2021-07-19 13:33:04,395 [WARN] ModelIntegratedComponent:51 - No mode defined for component null
2021-07-19 13:33:04,395 [WARN] ModelIntegratedComponent:51 - No mode defined for component null
2021-07-19 13:33:04,395 [WARN] ModelIntegratedComponent:51 - No mode defined for component null
2021-07-19 13:33:04,395 [WARN] ModelIntegratedComponent:51 - No mode defined for component null
2021-07-19 13:33:04,395 [WARN] ModelIntegratedComponent:51 - No mode defined for component null
2021-07-19 13:33:04,396 [WARN] ModelIntegratedComponent:51 - No mode defined for component null
2021-07-19 13:33:04,396 [WARN] ModelIntegratedComponent:51 - No mode defined for component null
2021-07-19 13:33:04,396 [WARN] ModelIntegratedComponent:51 - No mode defined for component null
2021-07-19 13:33:04,396 [WARN] ModelIntegratedComponent:51 - No mode defined for component null
2021-07-19 13:33:04,396 [WARN] ModelIntegratedComponent:51 - No mode defined for component null
2021-07-19 13:33:04,397 [WARN] ModelIntegratedComponent:51 - No mode defined for component null
2021-07-19 13:33:04,397 [WARN] ModelIntegratedComponent:51 - No mode defined for component null
2021-07-19 13:33:04,397 [WARN] ModelIntegratedComponent:51 - No mode defined for component null
2021-07-19 13:33:04,397 [WARN] ModelIntegratedComponent:51 - No mode defined for component null
2021-07-19 13:33:04,397 [WARN] ModelIntegratedComponent:51 - No mode defined for component null
2021-07-19 13:33:04,398 [WARN] ModelIntegratedComponent:51 - No mode defined for component null
2021-07-19 13:33:04,398 [WARN] ModelIntegratedComponent:51 - No mode defined for component null
2021-07-19 13:33:04,399 [WARN] ModelIntegratedComponent:51 - No mode defined for component null
2021-07-19 13:33:04,399 [WARN] ModelIntegratedComponent:51 - No mode defined for component null
2021-07-19 13:33:04,399 [WARN] ModelIntegratedComponent:51 - No mode defined for component null
2021-07-19 13:33:04,399 [WARN] ModelIntegratedComponent:51 - No mode defined for component null
2021-07-19 13:33:04,400 [WARN] ModelIntegratedComponent:51 - No mode defined for component null
2021-07-19 13:33:04,400 [WARN] ModelIntegratedComponent:51 - No mode defined for component null
2021-07-19 13:33:04,400 [WARN] ModelIntegratedComponent:51 - No mode defined for component null
2021-07-19 13:33:04,400 [WARN] ModelIntegratedComponent:51 - No mode defined for component null
2021-07-19 13:33:04,413 [WARN] ApiManager:294 - Cannot register API 'Board Extension:S2868A1' from pack STMicroelectronics.X-CUBE-SUBG2.4.1.0: no header file found
2021-07-19 13:33:04,413 [WARN] ApiManager:294 - Cannot register API 'Board Extension:S2868A2' from pack STMicroelectronics.X-CUBE-SUBG2.4.1.0: no header file found
2021-07-19 13:33:04,414 [WARN] ApiManager:294 - Cannot register API 'Board Extension:S2915A1' from pack STMicroelectronics.X-CUBE-SUBG2.4.1.0: no header file found
2021-07-19 13:33:04,423 [WARN] ApiManager:294 - Cannot register API 'Board Extension:EEPRMA1' from pack STMicroelectronics.X-CUBE-EEPRMA1.3.0.0: no header file found
2021-07-19 13:33:04,424 [WARN] ApiManager:294 - Cannot register API 'Board Extension:EEPRMA2' from pack STMicroelectronics.X-CUBE-EEPRMA1.3.0.0: no header file found
2021-07-19 13:33:04,618 [WARN] ApiManager:294 - Cannot register API 'Board Extension:IKS01A3' from pack STMicroelectronics.X-CUBE-MEMS1.8.3.0: no header file found
2021-07-19 13:33:04,618 [WARN] ApiManager:294 - Cannot register API 'Board Extension:IKS01A2' from pack STMicroelectronics.X-CUBE-MEMS1.8.3.0: no header file found
2021-07-19 13:33:04,619 [WARN] ApiManager:294 - Cannot register API 'Board Extension:IKS02A1' from pack STMicroelectronics.X-CUBE-MEMS1.8.3.0: no header file found
2021-07-19 13:33:04,638 [INFO] RtosManager:470 - Registered RTOS mode: class=CMSIS, group=RTOS, mode=CMSIS_V1, owner=FREERTOS
2021-07-19 13:33:04,638 [INFO] RtosManager:470 - Registered RTOS mode: class=CMSIS, group=RTOS2, mode=CMSIS_V2, owner=FREERTOS
2021-07-19 13:33:04,638 [INFO] RtosManager:470 - Registered RTOS mode: class=RTOS, group=Core, mode=CMSIS_V1, owner=FREERTOS
2021-07-19 13:33:04,638 [INFO] RtosManager:470 - Registered RTOS mode: class=RTOS, group=Core, mode=CMSIS_V2, owner=FREERTOS
2021-07-19 13:33:04,638 [WARN] ModelIntegratedComponent:182 - Missing modes for component STMicroelectronics:FreeRTOS:0.0.1:STMicroelectronics:RTOS:FreeRTOS:Core:::10.2.0:
2021-07-19 13:33:04,639 [WARN] ModelIntegratedComponent:180 - Modes not found for component STMicroelectronics:USB_DEVICE:1.0.0:STMicroelectronics:USB::USB Device:Audio HS::1.0:USB_DEVICE_1_0_RESTRICTED_HS
2021-07-19 13:33:04,639 [WARN] ModelIntegratedComponent:186 - Modes not found for component STMicroelectronics:USB_DEVICE:1.0.0:STMicroelectronics:USB::USB Device:Audio HS::1.0:USB_DEVICE_1_0_RESTRICTED_HS
2021-07-19 13:33:04,639 [WARN] ModelIntegratedComponent:180 - Modes not found for component STMicroelectronics:USB_DEVICE:1.0.0:STMicroelectronics:USB::USB Device:CDC HS::1.0:USB_DEVICE_1_0_RESTRICTED_HS
2021-07-19 13:33:04,639 [WARN] ModelIntegratedComponent:186 - Modes not found for component STMicroelectronics:USB_DEVICE:1.0.0:STMicroelectronics:USB::USB Device:CDC HS::1.0:USB_DEVICE_1_0_RESTRICTED_HS
2021-07-19 13:33:04,640 [WARN] ModelIntegratedComponent:180 - Modes not found for component STMicroelectronics:USB_DEVICE:1.0.0:STMicroelectronics:USB::USB Device:DFU HS::1.0:USB_DEVICE_1_0_RESTRICTED_HS
2021-07-19 13:33:04,640 [WARN] ModelIntegratedComponent:186 - Modes not found for component STMicroelectronics:USB_DEVICE:1.0.0:STMicroelectronics:USB::USB Device:DFU HS::1.0:USB_DEVICE_1_0_RESTRICTED_HS
2021-07-19 13:33:04,640 [WARN] ModelIntegratedComponent:180 - Modes not found for component STMicroelectronics:USB_DEVICE:1.0.0:STMicroelectronics:USB::USB Device:HID HS::1.0:USB_DEVICE_1_0_RESTRICTED_HS
2021-07-19 13:33:04,640 [WARN] ModelIntegratedComponent:186 - Modes not found for component STMicroelectronics:USB_DEVICE:1.0.0:STMicroelectronics:USB::USB Device:HID HS::1.0:USB_DEVICE_1_0_RESTRICTED_HS
2021-07-19 13:33:04,640 [WARN] ModelIntegratedComponent:180 - Modes not found for component STMicroelectronics:USB_DEVICE:1.0.0:STMicroelectronics:USB::USB Device:Custom HID HS::1.0:USB_DEVICE_1_0_RESTRICTED_HS
2021-07-19 13:33:04,640 [WARN] ModelIntegratedComponent:186 - Modes not found for component STMicroelectronics:USB_DEVICE:1.0.0:STMicroelectronics:USB::USB Device:Custom HID HS::1.0:USB_DEVICE_1_0_RESTRICTED_HS
2021-07-19 13:33:04,641 [WARN] ModelIntegratedComponent:180 - Modes not found for component STMicroelectronics:USB_DEVICE:1.0.0:STMicroelectronics:USB::USB Device:MSC HS::1.0:USB_DEVICE_1_0_RESTRICTED_HS
2021-07-19 13:33:04,641 [WARN] ModelIntegratedComponent:186 - Modes not found for component STMicroelectronics:USB_DEVICE:1.0.0:STMicroelectronics:USB::USB Device:MSC HS::1.0:USB_DEVICE_1_0_RESTRICTED_HS
2021-07-19 13:33:04,656 [WARN] ApiManager:294 - Cannot register API 'Board Extension:GNSS1A1' from pack STMicroelectronics.X-CUBE-GNSS1.5.2.0: no header file found
2021-07-19 13:33:04,656 [WARN] ApiManager:294 - Cannot register API 'Board Support:Custom' from pack STMicroelectronics.X-CUBE-GNSS1.5.2.0: no header file found
2021-07-19 13:33:04,657 [WARN] ApiManager:294 - Cannot register API 'Data Exchange:lib_gnss' from pack STMicroelectronics.X-CUBE-GNSS1.5.2.0: no header file found
2021-07-19 13:33:04,658 [WARN] ApiManager:294 - Cannot register API 'Wireless:BlueNRG-MS' from pack STMicroelectronics.X-CUBE-BLE1.6.2.0: no header file found
2021-07-19 13:33:04,660 [WARN] ModelIntegratedComponent:180 - Modes not found for component STMicroelectronics:USB_HOST:1.0.0:STMicroelectronics:USB::USB Host:Audio HS::1.0:USB_HOST_1_0_RESTRICTED_HS
2021-07-19 13:33:04,661 [WARN] ModelIntegratedComponent:186 - Modes not found for component STMicroelectronics:USB_HOST:1.0.0:STMicroelectronics:USB::USB Host:Audio HS::1.0:USB_HOST_1_0_RESTRICTED_HS
2021-07-19 13:33:04,661 [WARN] ModelIntegratedComponent:180 - Modes not found for component STMicroelectronics:USB_HOST:1.0.0:STMicroelectronics:USB::USB Host:CDC HS::1.0:USB_HOST_1_0_RESTRICTED_HS
2021-07-19 13:33:04,661 [WARN] ModelIntegratedComponent:186 - Modes not found for component STMicroelectronics:USB_HOST:1.0.0:STMicroelectronics:USB::USB Host:CDC HS::1.0:USB_HOST_1_0_RESTRICTED_HS
2021-07-19 13:33:04,662 [WARN] ModelIntegratedComponent:180 - Modes not found for component STMicroelectronics:USB_HOST:1.0.0:STMicroelectronics:USB::USB Host:MSC HS::1.0:USB_HOST_1_0_RESTRICTED_HS
2021-07-19 13:33:04,662 [WARN] ModelIntegratedComponent:186 - Modes not found for component STMicroelectronics:USB_HOST:1.0.0:STMicroelectronics:USB::USB Host:MSC HS::1.0:USB_HOST_1_0_RESTRICTED_HS
2021-07-19 13:33:04,662 [WARN] ModelIntegratedComponent:180 - Modes not found for component STMicroelectronics:USB_HOST:1.0.0:STMicroelectronics:USB::USB Host:HID HS::1.0:USB_HOST_1_0_RESTRICTED_HS
2021-07-19 13:33:04,662 [WARN] ModelIntegratedComponent:186 - Modes not found for component STMicroelectronics:USB_HOST:1.0.0:STMicroelectronics:USB::USB Host:HID HS::1.0:USB_HOST_1_0_RESTRICTED_HS
2021-07-19 13:33:04,662 [WARN] ModelIntegratedComponent:180 - Modes not found for component STMicroelectronics:USB_HOST:1.0.0:STMicroelectronics:USB::USB Host:MTP HS::1.0:USB_HOST_1_0_RESTRICTED_HS
2021-07-19 13:33:04,662 [WARN] ModelIntegratedComponent:186 - Modes not found for component STMicroelectronics:USB_HOST:1.0.0:STMicroelectronics:USB::USB Host:MTP HS::1.0:USB_HOST_1_0_RESTRICTED_HS
2021-07-19 13:33:04,664 [WARN] ApiManager:294 - Cannot register API 'Board Extension:NFC04A1' from pack STMicroelectronics.X-CUBE-NFC4.2.0.2: no header file found
2021-07-19 13:33:04,665 [WARN] ApiManager:294 - Cannot register API 'Wireless:BlueNRG-2' from pack STMicroelectronics.X-CUBE-BLE2.3.2.0: no header file found
2021-07-19 13:33:05,318 [INFO] ImportTextPane:162 - (OptionalMessage_ERROR) IP (DMA) : Parameter (Instance) has Id (USART2_RX) currently not set
2021-07-19 13:33:05,318 [INFO] ImportTextPane:162 - (OptionalMessage_ERROR) IP (DMA) : Parameter (Channel) has Id (USART2_RX) currently not set
2021-07-19 13:33:05,319 [INFO] ImportTextPane:162 - (OptionalMessage_ERROR) IP (DMA) : Parameter (Direction) has Id (USART2_RX) currently not set
2021-07-19 13:33:05,319 [INFO] ImportTextPane:162 - (OptionalMessage_ERROR) IP (DMA) : Parameter (PeriphInc) has Id (USART2_RX) currently not set
2021-07-19 13:33:05,319 [INFO] ImportTextPane:162 - (OptionalMessage_ERROR) IP (DMA) : Parameter (MemInc) has Id (USART2_RX) currently not set
2021-07-19 13:33:05,320 [INFO] ImportTextPane:162 - (OptionalMessage_ERROR) IP (DMA) : Parameter (PeriphDataAlignment) has Id (USART2_RX) currently not set
2021-07-19 13:33:05,321 [INFO] ImportTextPane:162 - (OptionalMessage_ERROR) IP (DMA) : Parameter (MemDataAlignment) has Id (USART2_RX) currently not set
2021-07-19 13:33:05,322 [INFO] ImportTextPane:162 - (OptionalMessage_ERROR) IP (DMA) : Parameter (Mode) has Id (USART2_RX) currently not set
2021-07-19 13:33:05,322 [INFO] ImportTextPane:162 - (OptionalMessage_ERROR) IP (DMA) : Parameter (Priority) has Id (USART2_RX) currently not set
2021-07-19 13:33:05,322 [INFO] ImportTextPane:162 - (OptionalMessage_ERROR) IP (DMA) : Parameter (FIFOMode) has Id (USART2_RX) currently not set
2021-07-19 13:33:05,322 [INFO] ImportTextPane:162 - (OptionalMessage_ERROR) IP (DMA) : Parameter (Instance) has Id (USART2_TX) currently not set
2021-07-19 13:33:05,323 [INFO] ImportTextPane:162 - (OptionalMessage_ERROR) IP (DMA) : Parameter (Channel) has Id (USART2_TX) currently not set
2021-07-19 13:33:05,323 [INFO] ImportTextPane:162 - (OptionalMessage_ERROR) IP (DMA) : Parameter (Direction) has Id (USART2_TX) currently not set
2021-07-19 13:33:05,323 [INFO] ImportTextPane:162 - (OptionalMessage_ERROR) IP (DMA) : Parameter (PeriphInc) has Id (USART2_TX) currently not set
2021-07-19 13:33:05,323 [INFO] ImportTextPane:162 - (OptionalMessage_ERROR) IP (DMA) : Parameter (MemInc) has Id (USART2_TX) currently not set
2021-07-19 13:33:05,323 [INFO] ImportTextPane:162 - (OptionalMessage_ERROR) IP (DMA) : Parameter (PeriphDataAlignment) has Id (USART2_TX) currently not set
2021-07-19 13:33:05,323 [INFO] ImportTextPane:162 - (OptionalMessage_ERROR) IP (DMA) : Parameter (MemDataAlignment) has Id (USART2_TX) currently not set
2021-07-19 13:33:05,323 [INFO] ImportTextPane:162 - (OptionalMessage_ERROR) IP (DMA) : Parameter (Mode) has Id (USART2_TX) currently not set
2021-07-19 13:33:05,324 [INFO] ImportTextPane:162 - (OptionalMessage_ERROR) IP (DMA) : Parameter (Priority) has Id (USART2_TX) currently not set
2021-07-19 13:33:05,324 [INFO] ImportTextPane:162 - (OptionalMessage_ERROR) IP (DMA) : Parameter (FIFOMode) has Id (USART2_TX) currently not set
2021-07-19 13:33:05,326 [INFO] ImportTextPane:162 - (OptionalMessage_ERROR) IP (RCC) : Parameter (48MHZClocksFreq_Value) has invalid value (50000000)
2021-07-19 13:33:05,332 [INFO] ImportTextPane:162 - (OptionalMessage_ERROR) IP (RCC) : Parameter (FLatency) has Id (AdvancedSettings) currently not set
2021-07-19 13:33:05,333 [INFO] ImportTextPane:162 - (OptionalMessage_ERROR) IP (RCC) : Parameter (RTCHSEDivFreq_Value) has invalid value (4000000)
2021-07-19 13:33:06,159 [INFO] UtilMem:74 - End LoadConfig() Used Memory: 366890016 Bytes (492830720)
2021-07-19 13:33:06,165 [WARN] ThirdParty:762 - waiting for thirdparty lock release [change project]
2021-07-19 13:33:06,165 [INFO] ThirdParty:764 - entering critical section [change project]
2021-07-19 13:33:06,165 [INFO] ThirdParty:952 - CMSIS Pack Vendor :RoweBots I-CUBE-UNISONRTOS 5.5.0-4
2021-07-19 13:33:06,165 [INFO] ThirdParty:952 - CMSIS Pack Vendor :STMicroelectronics X-CUBE-SFXS2LP1 3.0.0
2021-07-19 13:33:06,165 [INFO] ThirdParty:952 - CMSIS Pack Vendor :STMicroelectronics USB_HOST 2.0.0
2021-07-19 13:33:06,165 [INFO] ThirdParty:952 - CMSIS Pack Vendor :STMicroelectronics USB_DEVICE 3.0.0
2021-07-19 13:33:06,166 [INFO] ThirdParty:952 - CMSIS Pack Vendor :STMicroelectronics HAL Drivers 0.0.0
2021-07-19 13:33:06,166 [INFO] ThirdParty:952 - CMSIS Pack Vendor :STMicroelectronics MBEDTLS 2.16.2
2021-07-19 13:33:06,166 [INFO] ThirdParty:952 - CMSIS Pack Vendor :STMicroelectronics MBEDTLS 2.14.1
2021-07-19 13:33:06,166 [INFO] ThirdParty:952 - CMSIS Pack Vendor :STMicroelectronics X-CUBE-SUBG2 4.1.0
2021-07-19 13:33:06,166 [INFO] ThirdParty:952 - CMSIS Pack Vendor :STMicroelectronics X-CUBE-TOF1 1.0.0
2021-07-19 13:33:06,166 [INFO] ThirdParty:952 - CMSIS Pack Vendor :STMicroelectronics X-CUBE-AZRTOS-H7 1.0.0
2021-07-19 13:33:06,166 [INFO] ThirdParty:952 - CMSIS Pack Vendor :STMicroelectronics USB_DEVICE 2.0.0
2021-07-19 13:33:06,166 [INFO] ThirdParty:952 - CMSIS Pack Vendor :STMicroelectronics X-CUBE-AI 7.0.0
2021-07-19 13:33:06,167 [INFO] ThirdParty:952 - CMSIS Pack Vendor :STMicroelectronics X-CUBE-EEPRMA1 3.0.0
2021-07-19 13:33:06,167 [INFO] ThirdParty:952 - CMSIS Pack Vendor :STMicroelectronics X-CUBE-MEMS1 8.3.0
2021-07-19 13:33:06,167 [INFO] ThirdParty:952 - CMSIS Pack Vendor :STMicroelectronics X-CUBE-DISPLAY 1.0.0
2021-07-19 13:33:06,167 [INFO] ThirdParty:952 - CMSIS Pack Vendor :STMicroelectronics FreeRTOS 0.0.1
2021-07-19 13:33:06,167 [INFO] ThirdParty:952 - CMSIS Pack Vendor :STMicroelectronics USB_DEVICE 1.0.0
2021-07-19 13:33:06,168 [INFO] ThirdParty:952 - CMSIS Pack Vendor :SEGGER I-CUBE-embOS 1.2.0
2021-07-19 13:33:06,168 [INFO] ThirdParty:952 - CMSIS Pack Vendor :STMicroelectronics X-CUBE-ALGOBUILD 1.2.0
2021-07-19 13:33:06,168 [INFO] ThirdParty:952 - CMSIS Pack Vendor :STMicroelectronics X-CUBE-GNSS1 5.2.0
2021-07-19 13:33:06,168 [INFO] ThirdParty:952 - CMSIS Pack Vendor :STMicroelectronics lwIP 2.0.3
2021-07-19 13:33:06,168 [INFO] ThirdParty:952 - CMSIS Pack Vendor :STMicroelectronics lwIP 2.1.2
2021-07-19 13:33:06,168 [INFO] ThirdParty:952 - CMSIS Pack Vendor :STMicroelectronics X-CUBE-BLE1 6.2.0
2021-07-19 13:33:06,168 [INFO] ThirdParty:952 - CMSIS Pack Vendor :STMicroelectronics USB_HOST 1.0.0
2021-07-19 13:33:06,168 [INFO] ThirdParty:952 - CMSIS Pack Vendor :STMicroelectronics X-CUBE-NFC4 2.0.2
2021-07-19 13:33:06,169 [INFO] ThirdParty:952 - CMSIS Pack Vendor :STMicroelectronics X-CUBE-TOUCHGFX 4.17.0
2021-07-19 13:33:06,169 [INFO] ThirdParty:952 - CMSIS Pack Vendor :wolfSSL I-CUBE-wolfSSL 4.7.0
2021-07-19 13:33:06,169 [INFO] ThirdParty:952 - CMSIS Pack Vendor :STMicroelectronics PDM2PCM 3.1.0
2021-07-19 13:33:06,169 [INFO] ThirdParty:952 - CMSIS Pack Vendor :STMicroelectronics PDM2PCM 3.2.0
2021-07-19 13:33:06,169 [INFO] ThirdParty:952 - CMSIS Pack Vendor :STMicroelectronics PDM2PCM 3.3.0
2021-07-19 13:33:06,169 [INFO] ThirdParty:952 - CMSIS Pack Vendor :STMicroelectronics X-CUBE-BLE2 3.2.0
2021-07-19 13:33:06,169 [INFO] ThirdParty:770 - exiting critical section [change project]
2021-07-19 13:33:06,742 [INFO] PinOutPanel:1435 - setPackage(No Configuration,No Configuration)
2021-07-19 13:33:06,744 [INFO] PinOutPanel:1435 - setPackage(STM32F411RETx,LQFP64)
2021-07-19 13:33:07,388 [INFO] UtilMem:74 - Before build in PCC Used Memory: 360221768 Bytes (492830720)
2021-07-19 13:33:08,237 [INFO] SharedServices:72 - Folder for power plug-in: /Users/amejiyopakapak/.stm32cubemx/plugins/power
2021-07-19 13:33:08,434 [INFO] SharedServices:72 - Folder for power plug-in: /Users/amejiyopakapak/.stm32cubemx/plugins/power
2021-07-19 13:33:08,534 [INFO] SharedServices:72 - Folder for power plug-in: /Users/amejiyopakapak/.stm32cubemx/plugins/power
2021-07-19 13:33:08,545 [INFO] SharedServices:72 - Folder for power plug-in: /Users/amejiyopakapak/.stm32cubemx/plugins/power
2021-07-19 13:33:08,785 [INFO] UtilMem:74 - After build in PCC Used Memory: 401527944 Bytes (492830720)
2021-07-19 13:33:08,823 [INFO] IPUIPlugin:64 - create IPUIPlugin
2021-07-19 13:33:08,824 [INFO] IPUIPlugin:64 - create IPUIPlugin
2021-07-19 13:33:08,825 [INFO] IPUIPlugin:64 - create IPUIPlugin
2021-07-19 13:33:08,825 [INFO] IPUIPlugin:64 - create IPUIPlugin
2021-07-19 13:33:08,825 [INFO] IPUIPlugin:64 - create IPUIPlugin
2021-07-19 13:33:08,826 [INFO] IPUIPlugin:64 - create IPUIPlugin
2021-07-19 13:33:08,826 [INFO] IPUIPlugin:64 - create IPUIPlugin
2021-07-19 13:33:08,827 [INFO] IPUIPlugin:64 - create IPUIPlugin
2021-07-19 13:33:08,827 [INFO] IPUIPlugin:64 - create IPUIPlugin
2021-07-19 13:33:08,827 [INFO] IPUIPlugin:64 - create IPUIPlugin
2021-07-19 13:33:08,827 [INFO] IPUIPlugin:64 - create IPUIPlugin
2021-07-19 13:33:08,828 [INFO] IPUIPlugin:64 - create IPUIPlugin
2021-07-19 13:33:08,828 [INFO] IPUIPlugin:64 - create IPUIPlugin
2021-07-19 13:33:08,828 [INFO] IPUIPlugin:64 - create IPUIPlugin
2021-07-19 13:33:08,828 [INFO] IPUIPlugin:64 - create IPUIPlugin
2021-07-19 13:33:08,829 [INFO] IPUIPlugin:64 - create IPUIPlugin
2021-07-19 13:33:08,829 [INFO] IPUIPlugin:64 - create IPUIPlugin
2021-07-19 13:33:08,830 [INFO] IPUIPlugin:64 - create IPUIPlugin
2021-07-19 13:33:08,831 [INFO] IPUIPlugin:64 - create IPUIPlugin
2021-07-19 13:33:08,831 [INFO] IPUIPlugin:64 - create IPUIPlugin
2021-07-19 13:33:08,832 [INFO] IPUIPlugin:64 - create IPUIPlugin
2021-07-19 13:33:08,832 [INFO] IPUIPlugin:64 - create IPUIPlugin
2021-07-19 13:33:08,833 [INFO] IPUIPlugin:64 - create IPUIPlugin
2021-07-19 13:33:08,833 [INFO] IPUIPlugin:64 - create IPUIPlugin
2021-07-19 13:33:08,833 [INFO] IPUIPlugin:64 - create IPUIPlugin
2021-07-19 13:33:08,833 [INFO] IPUIPlugin:64 - create IPUIPlugin
2021-07-19 13:33:08,833 [INFO] IPUIPlugin:64 - create IPUIPlugin
2021-07-19 13:33:08,834 [INFO] IPUIPlugin:64 - create IPUIPlugin
2021-07-19 13:33:08,834 [INFO] IPUIPlugin:64 - create IPUIPlugin
2021-07-19 13:33:08,835 [INFO] IPUIPlugin:64 - create IPUIPlugin
2021-07-19 13:33:08,835 [INFO] IPUIPlugin:64 - create IPUIPlugin
2021-07-19 13:33:08,835 [INFO] IPUIPlugin:64 - create IPUIPlugin
2021-07-19 13:33:08,836 [INFO] IPUIPlugin:64 - create IPUIPlugin
2021-07-19 13:33:08,836 [INFO] IPUIPlugin:64 - create IPUIPlugin
2021-07-19 13:33:08,837 [INFO] IPUIPlugin:64 - create IPUIPlugin
2021-07-19 13:33:08,837 [INFO] IPUIPlugin:64 - create IPUIPlugin
2021-07-19 13:33:08,838 [INFO] IPUIPlugin:64 - create IPUIPlugin
2021-07-19 13:33:08,840 [INFO] IPUIPlugin:64 - create IPUIPlugin
2021-07-19 13:33:08,841 [INFO] IPUIPlugin:64 - create IPUIPlugin
2021-07-19 13:33:08,842 [INFO] IPUIPlugin:64 - create IPUIPlugin
2021-07-19 13:33:08,843 [INFO] IPUIPlugin:64 - create IPUIPlugin
2021-07-19 13:33:08,846 [INFO] IPUIPlugin:64 - create IPUIPlugin
2021-07-19 13:33:08,847 [INFO] IPUIPlugin:64 - create IPUIPlugin
2021-07-19 13:33:08,938 [INFO] ApiDbMcu:458 - Load IP Config File for PDM2PCM
2021-07-19 13:33:08,951 [WARN] IP:2088 - I2C_Coeff_DF not found: check if there is a RefParameter without a condition.
2021-07-19 13:33:08,951 [WARN] IP:2088 - Analog_Filter not found: check if there is a RefParameter without a condition.
2021-07-19 13:33:08,987 [INFO] LogOutputStream:76 - [STDOUT_REDIRECT] toolchainItems.length=====1
2021-07-19 13:33:09,120 [INFO] OpenFileManager:323 - Restore cursor
2021-07-19 13:33:09,311 [WARN] IP:2088 - I2C_Coeff_DF not found: check if there is a RefParameter without a condition.
2021-07-19 13:33:09,311 [WARN] IP:2088 - Analog_Filter not found: check if there is a RefParameter without a condition.
2021-07-19 13:33:09,312 [WARN] IP:2088 - I2C_Coeff_DF not found: check if there is a RefParameter without a condition.
2021-07-19 13:33:09,312 [WARN] IP:2088 - Analog_Filter not found: check if there is a RefParameter without a condition.
2021-07-19 13:33:10,066 [INFO] UtilMem:74 - End SaveConfig() Used Memory: 414329472 Bytes (492830720)
2021-07-19 13:33:10,344 [INFO] UtilMem:74 - End SaveConfig() Used Memory: 420620928 Bytes (492830720)
2021-07-19 13:33:12,261 [INFO] BlockDiagram:2735 - set Specific Code input for plugin: NVIC
2021-07-19 13:33:12,261 [INFO] BlockDiagram:2735 - set Specific Code input for plugin: USART
2021-07-19 13:33:12,261 [INFO] BlockDiagram:2735 - set Specific Code input for plugin: USART
2021-07-19 13:33:12,261 [INFO] BlockDiagram:2735 - set Specific Code input for plugin: DMA
2021-07-19 13:33:12,262 [INFO] BlockDiagram:2735 - set Specific Code input for plugin: TIM1_8
2021-07-19 13:33:12,262 [INFO] BlockDiagram:2735 - set Specific Code input for plugin: TIM1_8
2021-07-19 13:33:12,262 [INFO] BlockDiagram:2735 - set Specific Code input for plugin: TIM1_8
2021-07-19 13:33:12,262 [INFO] BlockDiagram:2735 - set Specific Code input for plugin: SYS
2021-07-19 13:33:12,262 [INFO] BlockDiagram:2735 - set Specific Code input for plugin: GPIO
2021-07-19 13:33:12,262 [INFO] BlockDiagram:2735 - set Specific Code input for plugin: RCC
2021-07-19 13:33:12,263 [INFO] BlockDiagram:2735 - set Specific Code input for plugin: I2C
2021-07-19 13:33:12,263 [INFO] CodeGenerator:641 - code generatio: config db path: /Applications/STM32CubeIDE 2.app/Contents/Eclipse/plugins/com.st.stm32cube.common.mx_6.2.1.202103241236//db/
2021-07-19 13:33:12,276 [WARN] IP:2088 - I2C_Coeff_DF not found: check if there is a RefParameter without a condition.
2021-07-19 13:33:12,276 [WARN] IP:2088 - Analog_Filter not found: check if there is a RefParameter without a condition.
2021-07-19 13:33:13,629 [INFO] CodeEngine:229 - oldGeneratedFile, /Users/amejiyopakapak/Documents/GitHub/ProjectY2T2/week8/week8/week8/week8/MXTmpFiles/license.tmp_save
2021-07-19 13:33:14,846 [INFO] CodeEngine:247 - Generated code: /Users/amejiyopakapak/Documents/GitHub/ProjectY2T2/week8/week8/week8/week8/MXTmpFiles/license.tmp
2021-07-19 13:33:14,959 [INFO] CodeEngine:229 - oldGeneratedFile, /Users/amejiyopakapak/Documents/GitHub/ProjectY2T2/week8/week8/week8/week8/MXTmpFiles/gpio.tmp_save
2021-07-19 13:33:15,875 [INFO] CodeEngine:247 - Generated code: /Users/amejiyopakapak/Documents/GitHub/ProjectY2T2/week8/week8/week8/week8/MXTmpFiles/gpio.tmp
2021-07-19 13:33:18,168 [INFO] LogOutputStream:76 - [STDOUT_REDIRECT] Command line
2021-07-19 13:33:18,296 [INFO] CodeEngine:229 - oldGeneratedFile, /Users/amejiyopakapak/Documents/GitHub/ProjectY2T2/week8/week8/week8/week8/MXTmpFiles/dma.tmp_save
2021-07-19 13:33:18,564 [INFO] CodeEngine:247 - Generated code: /Users/amejiyopakapak/Documents/GitHub/ProjectY2T2/week8/week8/week8/week8/MXTmpFiles/dma.tmp
2021-07-19 13:33:18,567 [INFO] CodeEngine:229 - oldGeneratedFile, /Users/amejiyopakapak/Documents/GitHub/ProjectY2T2/week8/week8/week8/week8/MXTmpFiles/dma_GV.tmp_save
2021-07-19 13:33:18,729 [INFO] CodeEngine:247 - Generated code: /Users/amejiyopakapak/Documents/GitHub/ProjectY2T2/week8/week8/week8/week8/MXTmpFiles/dma_GV.tmp
2021-07-19 13:33:18,730 [INFO] LogOutputStream:76 - [STDOUT_REDIRECT] Command line
2021-07-19 13:33:18,732 [INFO] LogOutputStream:76 - [STDOUT_REDIRECT] Command line
2021-07-19 13:33:18,735 [INFO] LogOutputStream:76 - [STDOUT_REDIRECT] Command line
2021-07-19 13:33:18,762 [INFO] CodeEngine:229 - oldGeneratedFile, /Users/amejiyopakapak/Documents/GitHub/ProjectY2T2/week8/week8/week8/week8/Core/Src/stm32f4xx_it.c_save
2021-07-19 13:33:19,015 [INFO] CodeEngine:247 - Generated code: /Users/amejiyopakapak/Documents/GitHub/ProjectY2T2/week8/week8/week8/week8/Core/Src/stm32f4xx_it.c
2021-07-19 13:33:19,018 [INFO] CodeEngine:229 - oldGeneratedFile, /Users/amejiyopakapak/Documents/GitHub/ProjectY2T2/week8/week8/week8/week8/Core/Inc/stm32f4xx_it.h_save
2021-07-19 13:33:19,148 [INFO] CodeEngine:247 - Generated code: /Users/amejiyopakapak/Documents/GitHub/ProjectY2T2/week8/week8/week8/week8/Core/Inc/stm32f4xx_it.h
2021-07-19 13:33:19,167 [INFO] CodeEngine:229 - oldGeneratedFile, /Users/amejiyopakapak/Documents/GitHub/ProjectY2T2/week8/week8/week8/week8/Core/Src/stm32f4xx_hal_msp.c_save
2021-07-19 13:33:19,478 [INFO] CodeEngine:247 - Generated code: /Users/amejiyopakapak/Documents/GitHub/ProjectY2T2/week8/week8/week8/week8/Core/Src/stm32f4xx_hal_msp.c
2021-07-19 13:33:19,482 [INFO] CodeEngine:229 - oldGeneratedFile, /Users/amejiyopakapak/Documents/GitHub/ProjectY2T2/week8/week8/week8/week8/MXTmpFiles/system.tmp_save
2021-07-19 13:33:19,597 [INFO] CodeEngine:247 - Generated code: /Users/amejiyopakapak/Documents/GitHub/ProjectY2T2/week8/week8/week8/week8/MXTmpFiles/system.tmp
2021-07-19 13:33:19,605 [INFO] CodeEngine:229 - oldGeneratedFile, /Users/amejiyopakapak/Documents/GitHub/ProjectY2T2/week8/week8/week8/week8/Core/Inc/stm32f4xx_hal_conf.h_save
2021-07-19 13:33:19,771 [INFO] CodeEngine:247 - Generated code: /Users/amejiyopakapak/Documents/GitHub/ProjectY2T2/week8/week8/week8/week8/Core/Inc/stm32f4xx_hal_conf.h
2021-07-19 13:33:19,833 [WARN] IPConfigManager:2976 - IP not found : TIM
2021-07-19 13:33:19,836 [WARN] CodeGenerator:3191 - IP not found : null
2021-07-19 13:33:19,846 [INFO] CodeEngine:229 - oldGeneratedFile, /Users/amejiyopakapak/Documents/GitHub/ProjectY2T2/week8/week8/week8/week8/Core/Inc/main.h_save
2021-07-19 13:33:20,015 [INFO] CodeEngine:247 - Generated code: /Users/amejiyopakapak/Documents/GitHub/ProjectY2T2/week8/week8/week8/week8/Core/Inc/main.h
2021-07-19 13:33:20,020 [INFO] CodeEngine:229 - oldGeneratedFile, /Users/amejiyopakapak/Documents/GitHub/ProjectY2T2/week8/week8/week8/week8/Core/Src/main.c_save
2021-07-19 13:33:20,315 [INFO] CodeEngine:247 - Generated code: /Users/amejiyopakapak/Documents/GitHub/ProjectY2T2/week8/week8/week8/week8/Core/Src/main.c
2021-07-19 13:33:22,554 [INFO] ProjectBuilder:2460 - Time for Copy HAL[1] : 198mS.
2021-07-19 13:33:22,562 [INFO] ProjectBuilder:3418 - Project Generator version: 3.13.0-B3
2021-07-19 13:33:23,546 [INFO] ConfigFileManager:1242 - The Die is : DIE431
2021-07-19 13:33:23,583 [INFO] ApiDbMcu:458 - Load IP Config File for FATFS
2021-07-19 13:33:23,596 [INFO] ApiDbMcu:458 - Load IP Config File for FREERTOS
2021-07-19 13:33:23,609 [INFO] ApiDbMcu:458 - Load IP Config File for LIBJPEG
2021-07-19 13:33:23,633 [INFO] ApiDbMcu:458 - Load IP Config File for MBEDTLS
2021-07-19 13:33:23,671 [INFO] ApiDbMcu:458 - Load IP Config File for USB_DEVICE
2021-07-19 13:33:23,686 [INFO] ApiDbMcu:458 - Load IP Config File for USB_HOST
2021-07-19 13:33:30,645 [INFO] ProjectBuilder:3584 - Time for Generating toolchain IDE Files: 8083mS.
2021-07-19 13:33:30,649 [INFO] ProjectBuilder:2339 - Time for Copy CMSIS : 0mS.
2021-07-19 13:33:30,652 [INFO] ProjectBuilder:2339 - Time for Copy CMSIS : 1mS.
2021-07-19 13:33:33,481 [INFO] ApiDb:276 - Save user favorites file /Users/amejiyopakapak/.stm32cubeide/favorites.mcus.txt: 0 item(s)
2021-07-19 13:33:33,482 [INFO] ApiDb:280 - User favorites MCUs=[]
